Forge Auto Renaming Tool v2.0.4
lib: C:\Users\takna\MCreatorWorkspaces\tax_future_citizen\build\moddev\artifacts\forge-1.20.1-47.4.0.jar
lib: C:\Users\takna\.mcreator\gradle\caches\modules-2\files-2.1\cpw.mods\securejarhandler\2.1.10\51e6a22c6c716beb11e244bf5b8be480f51dd6b5\securejarhandler-2.1.10.jar
lib: C:\Users\takna\.mcreator\gradle\caches\modules-2\files-2.1\net.minecraftforge\fmlloader\1.20.1-47.4.0\350292a3c597f65d130e48b6e419a2b21cba2ac1\fmlloader-1.20.1-47.4.0.jar
lib: C:\Users\takna\.mcreator\gradle\caches\modules-2\files-2.1\net.minecraftforge\coremods\5.2.4\e30bab269d896613e38396274711410b3a0e4b87\coremods-5.2.4.jar
lib: C:\Users\takna\.mcreator\gradle\caches\modules-2\files-2.1\cpw.mods\modlauncher\10.0.9\6d9443f56f50bb85cea383686ff9c867391458b\modlauncher-10.0.9.jar
lib: C:\Users\takna\.mcreator\gradle\caches\modules-2\files-2.1\org.openjdk.nashorn\nashorn-core\15.4\f67f5ffaa5f5130cf6fb9b133da00c7df3b532a5\nashorn-core-15.4.jar
lib: C:\Users\takna\.mcreator\gradle\caches\modules-2\files-2.1\org.ow2.asm\asm-commons\9.7.1\406c6a2225cfe1819f102a161e54cc16a5c24f75\asm-commons-9.7.1.jar
lib: C:\Users\takna\.mcreator\gradle\caches\modules-2\files-2.1\org.ow2.asm\asm-util\9.7.1\9e23359b598ec6b74b23e53110dd5c577adf2243\asm-util-9.7.1.jar
lib: C:\Users\takna\.mcreator\gradle\caches\modules-2\files-2.1\org.ow2.asm\asm-analysis\9.7.1\f97a3b319f0ed6a8cd944dc79060d3912a28985f\asm-analysis-9.7.1.jar
lib: C:\Users\takna\.mcreator\gradle\caches\modules-2\files-2.1\org.ow2.asm\asm-tree\9.7.1\3a53139787663b139de76b627fca0084ab60d32c\asm-tree-9.7.1.jar
lib: C:\Users\takna\.mcreator\gradle\caches\modules-2\files-2.1\org.ow2.asm\asm\9.7.1\f0ed132a49244b042cd0e15702ab9f2ce3cc8436\asm-9.7.1.jar
lib: C:\Users\takna\.mcreator\gradle\caches\modules-2\files-2.1\net.minecraftforge\accesstransformers\8.0.4\272d240aa73f42195b2a68e2ebd8b701ecf41f63\accesstransformers-8.0.4.jar
lib: C:\Users\takna\.mcreator\gradle\caches\modules-2\files-2.1\org.antlr\antlr4\4.9.1\e92af8ab33e428461927b484e90bb155a4f3a052\antlr4-4.9.1.jar
lib: C:\Users\takna\.mcreator\gradle\caches\modules-2\files-2.1\org.antlr\antlr4-runtime\4.9.1\428664f05d2b7f7b7610204b5aa7c1763f62011a\antlr4-runtime-4.9.1.jar
lib: C:\Users\takna\.mcreator\gradle\caches\modules-2\files-2.1\net.minecraftforge\fmlcore\1.20.1-47.4.0\235975dafa4309945b59c56b53f31dc5b65a6051\fmlcore-1.20.1-47.4.0.jar
lib: C:\Users\takna\.mcreator\gradle\caches\modules-2\files-2.1\net.minecraftforge\eventbus\6.0.5\699143dd438431d06b57416944f7cedbe52e1475\eventbus-6.0.5.jar
lib: C:\Users\takna\.mcreator\gradle\caches\modules-2\files-2.1\net.minecraftforge\forgespi\7.0.1\3b4972a0cdb135853dba219be61a79b22cff1309\forgespi-7.0.1.jar
lib: C:\Users\takna\.mcreator\gradle\caches\modules-2\files-2.1\net.minecraftforge\unsafe\0.2.0\54d7a0a5e8fdb71b973025caa46f341ae5904f39\unsafe-0.2.0.jar
lib: C:\Users\takna\.mcreator\gradle\caches\modules-2\files-2.1\net.minecraftforge\mergetool\1.1.5\e31dad26696043b540681aabc93e2001a1a2cd44\mergetool-1.1.5.jar
lib: C:\Users\takna\.mcreator\gradle\caches\modules-2\files-2.1\net.minecraftforge\mergetool\1.1.5\f3da18e12c696d35a47c82cbb2cc8b5aa15e1154\mergetool-1.1.5-api.jar
lib: C:\Users\takna\.mcreator\gradle\caches\modules-2\files-2.1\com.electronwill.night-config\toml\3.6.4\51d6cefb2b55ee55ee26b16391212fb2c7dfb4f4\toml-3.6.4.jar
lib: C:\Users\takna\.mcreator\gradle\caches\modules-2\files-2.1\com.electronwill.night-config\core\3.6.4\510f174abbf1c947494db50ef2445683bd52c230\core-3.6.4.jar
lib: C:\Users\takna\.mcreator\gradle\caches\modules-2\files-2.1\net.minecraftforge\JarJarSelector\0.3.19\376cc9c8ea60720cf027c01fc033de915699801c\JarJarSelector-0.3.19.jar
lib: C:\Users\takna\.mcreator\gradle\caches\modules-2\files-2.1\net.minecraftforge\JarJarMetadata\0.3.19\83feaa9b770e6ac0e96ee4fc23fa89325c5fe2\JarJarMetadata-0.3.19.jar
lib: C:\Users\takna\.mcreator\gradle\caches\modules-2\files-2.1\org.apache.maven\maven-artifact\3.8.5\4433f50c07debefaed0553bd0068f4f48d449313\maven-artifact-3.8.5.jar
lib: C:\Users\takna\.mcreator\gradle\caches\modules-2\files-2.1\net.jodah\typetools\0.6.3\a01aaa6ddaea9ec07ec4f209487b7a46a526283a\typetools-0.6.3.jar
lib: C:\Users\takna\.mcreator\gradle\caches\modules-2\files-2.1\net.minecrell\terminalconsoleappender\1.2.0\96d02cd3b384ff015a8fef4223bcb4ccf1717c95\terminalconsoleappender-1.2.0.jar
lib: C:\Users\takna\.mcreator\gradle\caches\modules-2\files-2.1\org.jline\jline-reader\3.12.1\4382ab1382c7b6f379377ed5f665dc2f6e1218bc\jline-reader-3.12.1.jar
lib: C:\Users\takna\.mcreator\gradle\caches\modules-2\files-2.1\org.jline\jline-terminal\3.12.1\c777448314e050d980a6b697c140f3bfe9eb7416\jline-terminal-3.12.1.jar
lib: C:\Users\takna\.mcreator\gradle\caches\modules-2\files-2.1\org.spongepowered\mixin\0.8.5\9d1c0c3a304ae6697ecd477218fa61b850bf57fc\mixin-0.8.5.jar
lib: C:\Users\takna\.mcreator\gradle\caches\modules-2\files-2.1\cpw.mods\bootstraplauncher\1.1.2\c546e00443d8432cda6baa1c860346980742628\bootstraplauncher-1.1.2.jar
lib: C:\Users\takna\.mcreator\gradle\caches\modules-2\files-2.1\net.minecraftforge\JarJarFileSystems\0.3.19\2464eb7d6b9ddb9db36a82cf8a95193e5c6fe020\JarJarFileSystems-0.3.19.jar
lib: C:\Users\takna\.mcreator\gradle\caches\modules-2\files-2.1\net.minecraftforge\fmlearlydisplay\1.20.1-47.4.0\5a0c2d1a65a422bd0e64548e58b70f4d011ef788\fmlearlydisplay-1.20.1-47.4.0.jar
lib: C:\Users\takna\.mcreator\gradle\caches\modules-2\files-2.1\net.minecraftforge\javafmllanguage\1.20.1-47.4.0\f0c0b352173d0a378cbdcec9cfc4ba65899a721\javafmllanguage-1.20.1-47.4.0.jar
lib: C:\Users\takna\.mcreator\gradle\caches\modules-2\files-2.1\net.minecraftforge\lowcodelanguage\1.20.1-47.4.0\e862740d8c84d08dbfedea412bef88fe42e727c5\lowcodelanguage-1.20.1-47.4.0.jar
lib: C:\Users\takna\.mcreator\gradle\caches\modules-2\files-2.1\net.minecraftforge\mclanguage\1.20.1-47.4.0\5719b3a297a33f877ed5dde4cb4bd75c859096af\mclanguage-1.20.1-47.4.0.jar
lib: C:\Users\takna\.mcreator\gradle\caches\modules-2\resources-2.1\38\c7d29380ddb38becad7c0819b5b325e43bca23f0\mcp_config-1.20.1.zip
lib: C:\Users\takna\.mcreator\gradle\caches\modules-2\files-2.1\org.codehaus.plexus\plexus-utils\3.3.0\cf43b5391de623b36fe066a21127baef82c64022\plexus-utils-3.3.0.jar
lib: C:\Users\takna\.mcreator\gradle\caches\modules-2\files-2.1\org.apache.commons\commons-lang3\3.12.0\c6842c86792ff03b9f1d1fe2aab8dc23aa6c6f0e\commons-lang3-3.12.0.jar
lib: C:\Users\takna\.mcreator\gradle\caches\modules-2\files-2.1\org.apache.logging.log4j\log4j-core\2.8.1\4ac28ff2f1ddf05dae3043a190451e8c46b73c31\log4j-core-2.8.1.jar
lib: C:\Users\takna\.mcreator\gradle\caches\modules-2\files-2.1\com.google.code.gson\gson\2.10\dd9b193aef96e973d5a11ab13cd17430c2e4306b\gson-2.10.jar
lib: C:\Users\takna\.mcreator\gradle\caches\modules-2\files-2.1\com.google.guava\guava\31.1-jre\60458f877d055d0c9114d9e1a2efb737b4bc282c\guava-31.1-jre.jar
lib: C:\Users\takna\.mcreator\gradle\caches\modules-2\files-2.1\com.machinezoo.noexception\noexception\1.7.1\b65330c98e38a1f915fa54a6e5eca496505e3f0a\noexception-1.7.1.jar
lib: C:\Users\takna\.mcreator\gradle\caches\modules-2\files-2.1\org.slf4j\slf4j-api\1.8.0-beta4\83b0359d847ee053d745be7ec0d8e9e8a44304b4\slf4j-api-1.8.0-beta4.jar
lib: C:\Users\takna\.mcreator\gradle\caches\modules-2\files-2.1\org.apache.logging.log4j\log4j-api\2.19.0\ea1b37f38c327596b216542bc636cfdc0b8036fa\log4j-api-2.19.0.jar
lib: C:\Users\takna\.mcreator\gradle\caches\modules-2\files-2.1\com.mojang\logging\1.1.1\832b8e6674a9b325a5175a3a6267dfaf34c85139\logging-1.1.1.jar
lib: C:\Users\takna\.mcreator\gradle\caches\modules-2\files-2.1\com.github.oshi\oshi-core\6.2.2\54f5efc19bca95d709d9a37d19ffcbba3d21c1a6\oshi-core-6.2.2.jar
lib: C:\Users\takna\.mcreator\gradle\caches\modules-2\files-2.1\com.google.guava\failureaccess\1.0.1\1dcf1de382a0bf95a3d8b0849546c88bac1292c9\failureaccess-1.0.1.jar
lib: C:\Users\takna\.mcreator\gradle\caches\modules-2\files-2.1\com.ibm.icu\icu4j\61.1\28d33b5e44e72edcc66a5da7a34a42147f38d987\icu4j-61.1.jar
lib: C:\Users\takna\.mcreator\gradle\caches\modules-2\files-2.1\com.mojang\authlib\4.0.43\2ff9d747a77570a07a60d32ac77eb6162ad2a2d9\authlib-4.0.43.jar
lib: C:\Users\takna\.mcreator\gradle\caches\modules-2\files-2.1\com.mojang\blocklist\1.0.10\5c685c5ffa94c4cd39496c7184c1d122e515ecef\blocklist-1.0.10.jar
lib: C:\Users\takna\.mcreator\gradle\caches\modules-2\files-2.1\com.mojang\brigadier\1.1.8\5244ce82c3337bba4a196a3ce858bfaecc74404a\brigadier-1.1.8.jar
lib: C:\Users\takna\.mcreator\gradle\caches\modules-2\files-2.1\com.mojang\datafixerupper\6.0.8\3ba4a30557a9b057760af4011f909ba619fc5125\datafixerupper-6.0.8.jar
lib: C:\Users\takna\.mcreator\gradle\caches\modules-2\files-2.1\com.mojang\patchy\2.2.10\da05971b07cbb379d002cf7eaec6a2048211fefc\patchy-2.2.10.jar
lib: C:\Users\takna\.mcreator\gradle\caches\modules-2\files-2.1\com.mojang\text2speech\1.17.9\3cad216e3a7f0c19b4b394388bc9ffc446f13b14\text2speech-1.17.9.jar
lib: C:\Users\takna\.mcreator\gradle\caches\modules-2\files-2.1\commons-codec\commons-codec\1.15\49d94806b6e3dc933dacbd8acb0fdbab8ebd1e5d\commons-codec-1.15.jar
lib: C:\Users\takna\.mcreator\gradle\caches\modules-2\files-2.1\commons-io\commons-io\2.11.0\a2503f302b11ebde7ebc3df41daebe0e4eea3689\commons-io-2.11.0.jar
lib: C:\Users\takna\.mcreator\gradle\caches\modules-2\files-2.1\commons-logging\commons-logging\1.2\4bfc12adfe4842bf07b657f0369c4cb522955686\commons-logging-1.2.jar
lib: C:\Users\takna\.mcreator\gradle\caches\modules-2\files-2.1\io.netty\netty-buffer\4.1.82.Final\a544270cf1ae8b8077082f5036436a9a9971ea71\netty-buffer-4.1.82.Final.jar
lib: C:\Users\takna\.mcreator\gradle\caches\modules-2\files-2.1\io.netty\netty-codec\4.1.82.Final\b77200379acb345a9ffdece1c605e591ac3e4e0a\netty-codec-4.1.82.Final.jar
lib: C:\Users\takna\.mcreator\gradle\caches\modules-2\files-2.1\io.netty\netty-common\4.1.82.Final\22d148e85c3f5ebdacc0ce1f5aabb1d420f73f3\netty-common-4.1.82.Final.jar
lib: C:\Users\takna\.mcreator\gradle\caches\modules-2\files-2.1\io.netty\netty-handler\4.1.82.Final\644041d1fa96a5d3130a29e8978630d716d76e38\netty-handler-4.1.82.Final.jar
lib: C:\Users\takna\.mcreator\gradle\caches\modules-2\files-2.1\io.netty\netty-resolver\4.1.82.Final\38f665ae8dcd29032eea31245ba7806bed2e0fa8\netty-resolver-4.1.82.Final.jar
lib: C:\Users\takna\.mcreator\gradle\caches\modules-2\files-2.1\io.netty\netty-transport-classes-epoll\4.1.82.Final\e7c7dd18deac93105797f30057c912651ea76521\netty-transport-classes-epoll-4.1.82.Final.jar
lib: C:\Users\takna\.mcreator\gradle\caches\modules-2\files-2.1\io.netty\netty-transport-native-unix-common\4.1.82.Final\3e895b35ca1b8a0eca56cacff4c2dde5d2c6abce\netty-transport-native-unix-common-4.1.82.Final.jar
lib: C:\Users\takna\.mcreator\gradle\caches\modules-2\files-2.1\io.netty\netty-transport\4.1.82.Final\e431a218d91acb6476ccad5f5aafde50aa3945ca\netty-transport-4.1.82.Final.jar
lib: C:\Users\takna\.mcreator\gradle\caches\modules-2\files-2.1\it.unimi.dsi\fastutil\8.5.9\bb7ea75ecdb216654237830b3a96d87ad91f8cc5\fastutil-8.5.9.jar
lib: C:\Users\takna\.mcreator\gradle\caches\modules-2\files-2.1\net.java.dev.jna\jna-platform\5.12.1\97406a297c852f4a41e688a176ec675f72e8329\jna-platform-5.12.1.jar
lib: C:\Users\takna\.mcreator\gradle\caches\modules-2\files-2.1\net.java.dev.jna\jna\5.12.1\b1e93a735caea94f503e95e6fe79bf9cdc1e985d\jna-5.12.1.jar
lib: C:\Users\takna\.mcreator\gradle\caches\modules-2\files-2.1\net.sf.jopt-simple\jopt-simple\5.0.4\4fdac2fbe92dfad86aa6e9301736f6b4342a3f5c\jopt-simple-5.0.4.jar
lib: C:\Users\takna\.mcreator\gradle\caches\modules-2\files-2.1\org.apache.commons\commons-compress\1.21\4ec95b60d4e86b5c95a0e919cb172a0af98011ef\commons-compress-1.21.jar
lib: C:\Users\takna\.mcreator\gradle\caches\modules-2\files-2.1\org.apache.httpcomponents\httpclient\4.5.13\e5f6cae5ca7ecaac1ec2827a9e2d65ae2869cada\httpclient-4.5.13.jar
lib: C:\Users\takna\.mcreator\gradle\caches\modules-2\files-2.1\org.apache.httpcomponents\httpcore\4.4.15\7f2e0c573eaa7a74bac2e89b359e1f73d92a0a1d\httpcore-4.4.15.jar
lib: C:\Users\takna\.mcreator\gradle\caches\modules-2\files-2.1\org.apache.logging.log4j\log4j-slf4j2-impl\2.19.0\5c04bfdd63ce9dceb2e284b81e96b6a70010ee10\log4j-slf4j2-impl-2.19.0.jar
lib: C:\Users\takna\.mcreator\gradle\caches\modules-2\files-2.1\org.joml\joml\1.10.5\22566d58af70ad3d72308bab63b8339906deb649\joml-1.10.5.jar
lib: C:\Users\takna\.mcreator\gradle\caches\modules-2\files-2.1\org.lwjgl\lwjgl-glfw\3.3.1\cbac1b8d30cb4795149c1ef540f912671a8616d0\lwjgl-glfw-3.3.1.jar
lib: C:\Users\takna\.mcreator\gradle\caches\modules-2\files-2.1\org.lwjgl\lwjgl-jemalloc\3.3.1\a817bcf213db49f710603677457567c37d53e103\lwjgl-jemalloc-3.3.1.jar
lib: C:\Users\takna\.mcreator\gradle\caches\modules-2\files-2.1\org.lwjgl\lwjgl-openal\3.3.1\2623a6b8ae1dfcd880738656a9f0243d2e6840bd\lwjgl-openal-3.3.1.jar
lib: C:\Users\takna\.mcreator\gradle\caches\modules-2\files-2.1\org.lwjgl\lwjgl-opengl\3.3.1\831a5533a21a5f4f81bbc51bb13e9899319b5411\lwjgl-opengl-3.3.1.jar
lib: C:\Users\takna\.mcreator\gradle\caches\modules-2\files-2.1\org.lwjgl\lwjgl-stb\3.3.1\b119297cf8ed01f247abe8685857f8e7fcf5980f\lwjgl-stb-3.3.1.jar
lib: C:\Users\takna\.mcreator\gradle\caches\modules-2\files-2.1\org.lwjgl\lwjgl-tinyfd\3.3.1\ff1914111ef2e3e0110ef2dabc8d8cdaad82347\lwjgl-tinyfd-3.3.1.jar
lib: C:\Users\takna\.mcreator\gradle\caches\modules-2\files-2.1\org.lwjgl\lwjgl\3.3.1\ae58664f88e18a9bb2c77b063833ca7aaec484cb\lwjgl-3.3.1.jar
lib: C:\Users\takna\.mcreator\gradle\caches\modules-2\files-2.1\ca.weblite\java-objc-bridge\1.1\1227f9e0666314f9de41477e3ec277e542ed7f7b\java-objc-bridge-1.1.jar
lib: C:\Users\takna\.mcreator\gradle\caches\modules-2\files-2.1\org.antlr\ST4\4.3\92f2c1ad8d84abcbeead6cf7f2c53a04166293c2\ST4-4.3.jar
lib: C:\Users\takna\.mcreator\gradle\caches\modules-2\files-2.1\org.antlr\antlr-runtime\3.5.2\cd9cd41361c155f3af0f653009dcecb08d8b4afd\antlr-runtime-3.5.2.jar
lib: C:\Users\takna\.mcreator\gradle\caches\modules-2\files-2.1\org.abego.treelayout\org.abego.treelayout.core\1.0.3\457216e8e6578099ae63667bb1e4439235892028\org.abego.treelayout.core-1.0.3.jar
lib: C:\Users\takna\.mcreator\gradle\caches\modules-2\files-2.1\org.glassfish\javax.json\1.0.4\3178f73569fd7a1e5ffc464e680f7a8cc784b85a\javax.json-1.0.4.jar
lib: C:\Users\takna\.mcreator\gradle\caches\modules-2\files-2.1\com.google.guava\listenablefuture\9999.0-empty-to-avoid-conflict-with-guava\b421526c5f297295adef1c886e5246c39d4ac629\listenablefuture-9999.0-empty-to-avoid-conflict-with-guava.jar
lib: C:\Users\takna\.mcreator\gradle\caches\modules-2\files-2.1\com.google.code.findbugs\jsr305\3.0.2\25ea2e8b0c338a877313bd4672d3fe056ea78f0d\jsr305-3.0.2.jar
lib: C:\Users\takna\.mcreator\gradle\caches\modules-2\files-2.1\org.checkerframework\checker-qual\3.12.0\d5692f0526415fcc6de94bb5bfbd3afd9dd3b3e5\checker-qual-3.12.0.jar
lib: C:\Users\takna\.mcreator\gradle\caches\modules-2\files-2.1\com.google.errorprone\error_prone_annotations\2.11.0\c5a0ace696d3f8b1c1d8cc036d8c03cc0cbe6b69\error_prone_annotations-2.11.0.jar
lib: C:\Users\takna\.mcreator\gradle\caches\modules-2\files-2.1\com.google.j2objc\j2objc-annotations\1.3\ba035118bc8bac37d7eff77700720999acd9986d\j2objc-annotations-1.3.jar
log: null
input: C:\Users\takna\MCreatorWorkspaces\tax_future_citizen\build\devlibs\modid-1.0.jar
output: C:\Users\takna\MCreatorWorkspaces\tax_future_citizen\build\libs\modid-1.0.jar
threads: 16
Names: C:\Users\takna\MCreatorWorkspaces\tax_future_citizen\build\moddev\artifacts\namedToIntermediate.tsrg(reversed: false)
Fix Annotations: false
Unfinal Parameters: false
Fix Records: false
Fix Identifiers: false
Fix SourceFile: false
Fix Line Numbers: false
Strip codesigning signatures: ALL
Adding Libraries to Inheritance
Reading Input: C:\Users\takna\MCreatorWorkspaces\tax_future_citizen\build\devlibs\modid-1.0.jar
Adding input to inheritance map
Processing entries
Conflicting propagated mapping for tax/taknax/tax_future_citizen/client/model/Modelspace_boots/setupAnim(Lnet/minecraft/world/entity/Entity;FFFFF)V from net/minecraft/client/model/EntityModel/setupAnim(Lnet/minecraft/world/entity/Entity;FFFFF)V: setupAnim -> m_6973_
Conflicting propagated mapping for tax/taknax/tax_future_citizen/client/model/Modelspace_boots/renderToBuffer(Lcom/mojang/blaze3d/vertex/PoseStack;Lcom/mojang/blaze3d/vertex/VertexConsumer;IIFFFF)V from net/minecraft/client/model/Model/renderToBuffer(Lcom/mojang/blaze3d/vertex/PoseStack;Lcom/mojang/blaze3d/vertex/VertexConsumer;IIFFFF)V: renderToBuffer -> m_7695_
Conflicting propagated mapping for tax/taknax/tax_future_citizen/client/model/Modeljet_pack/setupAnim(Lnet/minecraft/world/entity/Entity;FFFFF)V from net/minecraft/client/model/EntityModel/setupAnim(Lnet/minecraft/world/entity/Entity;FFFFF)V: setupAnim -> m_6973_
Conflicting propagated mapping for tax/taknax/tax_future_citizen/client/model/Modelspace_helmet/setupAnim(Lnet/minecraft/world/entity/Entity;FFFFF)V from net/minecraft/client/model/EntityModel/setupAnim(Lnet/minecraft/world/entity/Entity;FFFFF)V: setupAnim -> m_6973_
Conflicting propagated mapping for tax/taknax/tax_future_citizen/client/model/Modelspace_leggings/setupAnim(Lnet/minecraft/world/entity/Entity;FFFFF)V from net/minecraft/client/model/EntityModel/setupAnim(Lnet/minecraft/world/entity/Entity;FFFFF)V: setupAnim -> m_6973_
Conflicting propagated mapping for tax/taknax/tax_future_citizen/client/model/Modelspace_leggings/renderToBuffer(Lcom/mojang/blaze3d/vertex/PoseStack;Lcom/mojang/blaze3d/vertex/VertexConsumer;IIFFFF)V from net/minecraft/client/model/Model/renderToBuffer(Lcom/mojang/blaze3d/vertex/PoseStack;Lcom/mojang/blaze3d/vertex/VertexConsumer;IIFFFF)V: renderToBuffer -> m_7695_
Conflicting propagated mapping for tax/taknax/tax_future_citizen/client/model/Modeljet_pack/renderToBuffer(Lcom/mojang/blaze3d/vertex/PoseStack;Lcom/mojang/blaze3d/vertex/VertexConsumer;IIFFFF)V from net/minecraft/client/model/Model/renderToBuffer(Lcom/mojang/blaze3d/vertex/PoseStack;Lcom/mojang/blaze3d/vertex/VertexConsumer;IIFFFF)V: renderToBuffer -> m_7695_
Conflicting propagated mapping for tax/taknax/tax_future_citizen/client/model/Modelspace_helmet/renderToBuffer(Lcom/mojang/blaze3d/vertex/PoseStack;Lcom/mojang/blaze3d/vertex/VertexConsumer;IIFFFF)V from net/minecraft/client/model/Model/renderToBuffer(Lcom/mojang/blaze3d/vertex/PoseStack;Lcom/mojang/blaze3d/vertex/VertexConsumer;IIFFFF)V: renderToBuffer -> m_7695_
Conflicting propagated mapping for tax/taknax/tax_future_citizen/init/TaxFutureCitizenModKeyMappings$1/setDown(Z)V from net/minecraft/client/KeyMapping/setDown(Z)V: setDown -> m_7249_
Conflicting propagated mapping for tax/taknax/tax_future_citizen/item/LightsaberBlackItem$1/getUses()I from net/minecraft/world/item/Tier/getUses()I: getUses -> m_6609_
Conflicting propagated mapping for tax/taknax/tax_future_citizen/item/LightsaberBlackItem$1/getSpeed()F from net/minecraft/world/item/Tier/getSpeed()F: getSpeed -> m_6624_
Conflicting propagated mapping for tax/taknax/tax_future_citizen/item/LightsaberBlackItem$1/getRepairIngredient()Lnet/minecraft/world/item/crafting/Ingredient; from net/minecraft/world/item/Tier/getRepairIngredient()Lnet/minecraft/world/item/crafting/Ingredient;: getRepairIngredient -> m_6282_
Conflicting propagated mapping for tax/taknax/tax_future_citizen/item/LightsaberBlackItem$1/getEnchantmentValue()I from net/minecraft/world/item/Tier/getEnchantmentValue()I: getEnchantmentValue -> m_6601_
Conflicting propagated mapping for tax/taknax/tax_future_citizen/item/LightsaberBlackItem$1/getLevel()I from net/minecraft/world/item/Tier/getLevel()I: getLevel -> m_6604_
Conflicting propagated mapping for tax/taknax/tax_future_citizen/item/LightsaberBlackItem$1/getAttackDamageBonus()F from net/minecraft/world/item/Tier/getAttackDamageBonus()F: getAttackDamageBonus -> m_6631_
Conflicting propagated mapping for tax/taknax/tax_future_citizen/item/LightsaberBlueItem$1/getUses()I from net/minecraft/world/item/Tier/getUses()I: getUses -> m_6609_
Conflicting propagated mapping for tax/taknax/tax_future_citizen/item/LightsaberBlueItem$1/getSpeed()F from net/minecraft/world/item/Tier/getSpeed()F: getSpeed -> m_6624_
Conflicting propagated mapping for tax/taknax/tax_future_citizen/item/LightsaberBlueItem$1/getRepairIngredient()Lnet/minecraft/world/item/crafting/Ingredient; from net/minecraft/world/item/Tier/getRepairIngredient()Lnet/minecraft/world/item/crafting/Ingredient;: getRepairIngredient -> m_6282_
Conflicting propagated mapping for tax/taknax/tax_future_citizen/item/LightsaberBlueItem$1/getEnchantmentValue()I from net/minecraft/world/item/Tier/getEnchantmentValue()I: getEnchantmentValue -> m_6601_
Conflicting propagated mapping for tax/taknax/tax_future_citizen/item/LightsaberBlueItem$1/getLevel()I from net/minecraft/world/item/Tier/getLevel()I: getLevel -> m_6604_
Conflicting propagated mapping for tax/taknax/tax_future_citizen/item/LightsaberBlueItem$1/getAttackDamageBonus()F from net/minecraft/world/item/Tier/getAttackDamageBonus()F: getAttackDamageBonus -> m_6631_
Conflicting propagated mapping for tax/taknax/tax_future_citizen/item/FluxCatalystItem/use(Lnet/minecraft/world/level/Level;Lnet/minecraft/world/entity/player/Player;Lnet/minecraft/world/InteractionHand;)Lnet/minecraft/world/InteractionResultHolder; from net/minecraft/world/item/Item/use(Lnet/minecraft/world/level/Level;Lnet/minecraft/world/entity/player/Player;Lnet/minecraft/world/InteractionHand;)Lnet/minecraft/world/InteractionResultHolder;: use -> m_7203_
Conflicting propagated mapping for tax/taknax/tax_future_citizen/item/LightsaberBlackItem/getDestroySpeed(Lnet/minecraft/world/item/ItemStack;Lnet/minecraft/world/level/block/state/BlockState;)F from net/minecraft/world/item/Item/getDestroySpeed(Lnet/minecraft/world/item/ItemStack;Lnet/minecraft/world/level/block/state/BlockState;)F: getDestroySpeed -> m_8102_
Conflicting propagated mapping for tax/taknax/tax_future_citizen/item/LightsaberBlackItem/mineBlock(Lnet/minecraft/world/item/ItemStack;Lnet/minecraft/world/level/Level;Lnet/minecraft/world/level/block/state/BlockState;Lnet/minecraft/core/BlockPos;Lnet/minecraft/world/entity/LivingEntity;)Z from net/minecraft/world/item/Item/mineBlock(Lnet/minecraft/world/item/ItemStack;Lnet/minecraft/world/level/Level;Lnet/minecraft/world/level/block/state/BlockState;Lnet/minecraft/core/BlockPos;Lnet/minecraft/world/entity/LivingEntity;)Z: mineBlock -> m_6813_
Conflicting propagated mapping for tax/taknax/tax_future_citizen/item/LightsaberBlackItem/getDefaultAttributeModifiers(Lnet/minecraft/world/entity/EquipmentSlot;)Lcom/google/common/collect/Multimap; from net/minecraft/world/item/Item/getDefaultAttributeModifiers(Lnet/minecraft/world/entity/EquipmentSlot;)Lcom/google/common/collect/Multimap;: getDefaultAttributeModifiers -> m_7167_
Conflicting propagated mapping for tax/taknax/tax_future_citizen/item/LightsaberBlackItem/hurtEnemy(Lnet/minecraft/world/item/ItemStack;Lnet/minecraft/world/entity/LivingEntity;Lnet/minecraft/world/entity/LivingEntity;)Z from net/minecraft/world/item/Item/hurtEnemy(Lnet/minecraft/world/item/ItemStack;Lnet/minecraft/world/entity/LivingEntity;Lnet/minecraft/world/entity/LivingEntity;)Z: hurtEnemy -> m_7579_
Conflicting propagated mapping for tax/taknax/tax_future_citizen/item/LightsaberBlackItem/isCorrectToolForDrops(Lnet/minecraft/world/level/block/state/BlockState;)Z from net/minecraft/world/item/Item/isCorrectToolForDrops(Lnet/minecraft/world/level/block/state/BlockState;)Z: isCorrectToolForDrops -> m_8096_
Conflicting propagated mapping for tax/taknax/tax_future_citizen/item/LightsaberBlackItem/onCraftedBy(Lnet/minecraft/world/item/ItemStack;Lnet/minecraft/world/level/Level;Lnet/minecraft/world/entity/player/Player;)V from net/minecraft/world/item/Item/onCraftedBy(Lnet/minecraft/world/item/ItemStack;Lnet/minecraft/world/level/Level;Lnet/minecraft/world/entity/player/Player;)V: onCraftedBy -> m_7836_
Conflicting propagated mapping for tax/taknax/tax_future_citizen/item/LightsaberBlueItem/getDestroySpeed(Lnet/minecraft/world/item/ItemStack;Lnet/minecraft/world/level/block/state/BlockState;)F from net/minecraft/world/item/Item/getDestroySpeed(Lnet/minecraft/world/item/ItemStack;Lnet/minecraft/world/level/block/state/BlockState;)F: getDestroySpeed -> m_8102_
Conflicting propagated mapping for tax/taknax/tax_future_citizen/item/LightsaberBlueItem/mineBlock(Lnet/minecraft/world/item/ItemStack;Lnet/minecraft/world/level/Level;Lnet/minecraft/world/level/block/state/BlockState;Lnet/minecraft/core/BlockPos;Lnet/minecraft/world/entity/LivingEntity;)Z from net/minecraft/world/item/Item/mineBlock(Lnet/minecraft/world/item/ItemStack;Lnet/minecraft/world/level/Level;Lnet/minecraft/world/level/block/state/BlockState;Lnet/minecraft/core/BlockPos;Lnet/minecraft/world/entity/LivingEntity;)Z: mineBlock -> m_6813_
Conflicting propagated mapping for tax/taknax/tax_future_citizen/item/LightsaberBlueItem/getDefaultAttributeModifiers(Lnet/minecraft/world/entity/EquipmentSlot;)Lcom/google/common/collect/Multimap; from net/minecraft/world/item/Item/getDefaultAttributeModifiers(Lnet/minecraft/world/entity/EquipmentSlot;)Lcom/google/common/collect/Multimap;: getDefaultAttributeModifiers -> m_7167_
Conflicting propagated mapping for tax/taknax/tax_future_citizen/item/LightsaberBlueItem/hurtEnemy(Lnet/minecraft/world/item/ItemStack;Lnet/minecraft/world/entity/LivingEntity;Lnet/minecraft/world/entity/LivingEntity;)Z from net/minecraft/world/item/Item/hurtEnemy(Lnet/minecraft/world/item/ItemStack;Lnet/minecraft/world/entity/LivingEntity;Lnet/minecraft/world/entity/LivingEntity;)Z: hurtEnemy -> m_7579_
Conflicting propagated mapping for tax/taknax/tax_future_citizen/item/LightsaberBlueItem/isCorrectToolForDrops(Lnet/minecraft/world/level/block/state/BlockState;)Z from net/minecraft/world/item/Item/isCorrectToolForDrops(Lnet/minecraft/world/level/block/state/BlockState;)Z: isCorrectToolForDrops -> m_8096_
Conflicting propagated mapping for tax/taknax/tax_future_citizen/item/LightsaberBlueItem/onCraftedBy(Lnet/minecraft/world/item/ItemStack;Lnet/minecraft/world/level/Level;Lnet/minecraft/world/entity/player/Player;)V from net/minecraft/world/item/Item/onCraftedBy(Lnet/minecraft/world/item/ItemStack;Lnet/minecraft/world/level/Level;Lnet/minecraft/world/entity/player/Player;)V: onCraftedBy -> m_7836_
Conflicting propagated mapping for tax/taknax/tax_future_citizen/item/SpaceSuitItem$Boots/inventoryTick(Lnet/minecraft/world/item/ItemStack;Lnet/minecraft/world/level/Level;Lnet/minecraft/world/entity/Entity;IZ)V from net/minecraft/world/item/Item/inventoryTick(Lnet/minecraft/world/item/ItemStack;Lnet/minecraft/world/level/Level;Lnet/minecraft/world/entity/Entity;IZ)V: inventoryTick -> m_6883_
Conflicting propagated mapping for tax/taknax/tax_future_citizen/item/SpaceSuitItem$Leggings/inventoryTick(Lnet/minecraft/world/item/ItemStack;Lnet/minecraft/world/level/Level;Lnet/minecraft/world/entity/Entity;IZ)V from net/minecraft/world/item/Item/inventoryTick(Lnet/minecraft/world/item/ItemStack;Lnet/minecraft/world/level/Level;Lnet/minecraft/world/entity/Entity;IZ)V: inventoryTick -> m_6883_
Conflicting propagated mapping for tax/taknax/tax_future_citizen/item/SpaceSuitItem$Chestplate/inventoryTick(Lnet/minecraft/world/item/ItemStack;Lnet/minecraft/world/level/Level;Lnet/minecraft/world/entity/Entity;IZ)V from net/minecraft/world/item/Item/inventoryTick(Lnet/minecraft/world/item/ItemStack;Lnet/minecraft/world/level/Level;Lnet/minecraft/world/entity/Entity;IZ)V: inventoryTick -> m_6883_
Conflicting propagated mapping for tax/taknax/tax_future_citizen/item/SpaceSuitItem$Helmet/inventoryTick(Lnet/minecraft/world/item/ItemStack;Lnet/minecraft/world/level/Level;Lnet/minecraft/world/entity/Entity;IZ)V from net/minecraft/world/item/Item/inventoryTick(Lnet/minecraft/world/item/ItemStack;Lnet/minecraft/world/level/Level;Lnet/minecraft/world/entity/Entity;IZ)V: inventoryTick -> m_6883_
Conflicting propagated mapping for tax/taknax/tax_future_citizen/item/LightsaberYellowItem/getDestroySpeed(Lnet/minecraft/world/item/ItemStack;Lnet/minecraft/world/level/block/state/BlockState;)F from net/minecraft/world/item/Item/getDestroySpeed(Lnet/minecraft/world/item/ItemStack;Lnet/minecraft/world/level/block/state/BlockState;)F: getDestroySpeed -> m_8102_
Conflicting propagated mapping for tax/taknax/tax_future_citizen/item/LightsaberYellowItem/mineBlock(Lnet/minecraft/world/item/ItemStack;Lnet/minecraft/world/level/Level;Lnet/minecraft/world/level/block/state/BlockState;Lnet/minecraft/core/BlockPos;Lnet/minecraft/world/entity/LivingEntity;)Z from net/minecraft/world/item/Item/mineBlock(Lnet/minecraft/world/item/ItemStack;Lnet/minecraft/world/level/Level;Lnet/minecraft/world/level/block/state/BlockState;Lnet/minecraft/core/BlockPos;Lnet/minecraft/world/entity/LivingEntity;)Z: mineBlock -> m_6813_
Conflicting propagated mapping for tax/taknax/tax_future_citizen/item/LightsaberYellowItem/getDefaultAttributeModifiers(Lnet/minecraft/world/entity/EquipmentSlot;)Lcom/google/common/collect/Multimap; from net/minecraft/world/item/Item/getDefaultAttributeModifiers(Lnet/minecraft/world/entity/EquipmentSlot;)Lcom/google/common/collect/Multimap;: getDefaultAttributeModifiers -> m_7167_
Conflicting propagated mapping for tax/taknax/tax_future_citizen/item/LightsaberYellowItem/hurtEnemy(Lnet/minecraft/world/item/ItemStack;Lnet/minecraft/world/entity/LivingEntity;Lnet/minecraft/world/entity/LivingEntity;)Z from net/minecraft/world/item/Item/hurtEnemy(Lnet/minecraft/world/item/ItemStack;Lnet/minecraft/world/entity/LivingEntity;Lnet/minecraft/world/entity/LivingEntity;)Z: hurtEnemy -> m_7579_
Conflicting propagated mapping for tax/taknax/tax_future_citizen/item/LightsaberYellowItem/isCorrectToolForDrops(Lnet/minecraft/world/level/block/state/BlockState;)Z from net/minecraft/world/item/Item/isCorrectToolForDrops(Lnet/minecraft/world/level/block/state/BlockState;)Z: isCorrectToolForDrops -> m_8096_
Conflicting propagated mapping for tax/taknax/tax_future_citizen/item/LightsaberYellowItem/onCraftedBy(Lnet/minecraft/world/item/ItemStack;Lnet/minecraft/world/level/Level;Lnet/minecraft/world/entity/player/Player;)V from net/minecraft/world/item/Item/onCraftedBy(Lnet/minecraft/world/item/ItemStack;Lnet/minecraft/world/level/Level;Lnet/minecraft/world/entity/player/Player;)V: onCraftedBy -> m_7836_
Conflicting propagated mapping for tax/taknax/tax_future_citizen/item/LightsaberWhiteItem/getDestroySpeed(Lnet/minecraft/world/item/ItemStack;Lnet/minecraft/world/level/block/state/BlockState;)F from net/minecraft/world/item/Item/getDestroySpeed(Lnet/minecraft/world/item/ItemStack;Lnet/minecraft/world/level/block/state/BlockState;)F: getDestroySpeed -> m_8102_
Conflicting propagated mapping for tax/taknax/tax_future_citizen/item/LightsaberWhiteItem/mineBlock(Lnet/minecraft/world/item/ItemStack;Lnet/minecraft/world/level/Level;Lnet/minecraft/world/level/block/state/BlockState;Lnet/minecraft/core/BlockPos;Lnet/minecraft/world/entity/LivingEntity;)Z from net/minecraft/world/item/Item/mineBlock(Lnet/minecraft/world/item/ItemStack;Lnet/minecraft/world/level/Level;Lnet/minecraft/world/level/block/state/BlockState;Lnet/minecraft/core/BlockPos;Lnet/minecraft/world/entity/LivingEntity;)Z: mineBlock -> m_6813_
Conflicting propagated mapping for tax/taknax/tax_future_citizen/item/LightsaberWhiteItem/getDefaultAttributeModifiers(Lnet/minecraft/world/entity/EquipmentSlot;)Lcom/google/common/collect/Multimap; from net/minecraft/world/item/Item/getDefaultAttributeModifiers(Lnet/minecraft/world/entity/EquipmentSlot;)Lcom/google/common/collect/Multimap;: getDefaultAttributeModifiers -> m_7167_
Conflicting propagated mapping for tax/taknax/tax_future_citizen/item/LightsaberWhiteItem/hurtEnemy(Lnet/minecraft/world/item/ItemStack;Lnet/minecraft/world/entity/LivingEntity;Lnet/minecraft/world/entity/LivingEntity;)Z from net/minecraft/world/item/Item/hurtEnemy(Lnet/minecraft/world/item/ItemStack;Lnet/minecraft/world/entity/LivingEntity;Lnet/minecraft/world/entity/LivingEntity;)Z: hurtEnemy -> m_7579_
Conflicting propagated mapping for tax/taknax/tax_future_citizen/item/LightsaberWhiteItem/isCorrectToolForDrops(Lnet/minecraft/world/level/block/state/BlockState;)Z from net/minecraft/world/item/Item/isCorrectToolForDrops(Lnet/minecraft/world/level/block/state/BlockState;)Z: isCorrectToolForDrops -> m_8096_
Conflicting propagated mapping for tax/taknax/tax_future_citizen/item/LightsaberWhiteItem/onCraftedBy(Lnet/minecraft/world/item/ItemStack;Lnet/minecraft/world/level/Level;Lnet/minecraft/world/entity/player/Player;)V from net/minecraft/world/item/Item/onCraftedBy(Lnet/minecraft/world/item/ItemStack;Lnet/minecraft/world/level/Level;Lnet/minecraft/world/entity/player/Player;)V: onCraftedBy -> m_7836_
Conflicting propagated mapping for tax/taknax/tax_future_citizen/item/LightsaberGrayLightItem/getDestroySpeed(Lnet/minecraft/world/item/ItemStack;Lnet/minecraft/world/level/block/state/BlockState;)F from net/minecraft/world/item/Item/getDestroySpeed(Lnet/minecraft/world/item/ItemStack;Lnet/minecraft/world/level/block/state/BlockState;)F: getDestroySpeed -> m_8102_
Conflicting propagated mapping for tax/taknax/tax_future_citizen/item/LightsaberGrayLightItem/mineBlock(Lnet/minecraft/world/item/ItemStack;Lnet/minecraft/world/level/Level;Lnet/minecraft/world/level/block/state/BlockState;Lnet/minecraft/core/BlockPos;Lnet/minecraft/world/entity/LivingEntity;)Z from net/minecraft/world/item/Item/mineBlock(Lnet/minecraft/world/item/ItemStack;Lnet/minecraft/world/level/Level;Lnet/minecraft/world/level/block/state/BlockState;Lnet/minecraft/core/BlockPos;Lnet/minecraft/world/entity/LivingEntity;)Z: mineBlock -> m_6813_
Conflicting propagated mapping for tax/taknax/tax_future_citizen/item/LightsaberGrayLightItem/getDefaultAttributeModifiers(Lnet/minecraft/world/entity/EquipmentSlot;)Lcom/google/common/collect/Multimap; from net/minecraft/world/item/Item/getDefaultAttributeModifiers(Lnet/minecraft/world/entity/EquipmentSlot;)Lcom/google/common/collect/Multimap;: getDefaultAttributeModifiers -> m_7167_
Conflicting propagated mapping for tax/taknax/tax_future_citizen/item/LightsaberGrayLightItem/hurtEnemy(Lnet/minecraft/world/item/ItemStack;Lnet/minecraft/world/entity/LivingEntity;Lnet/minecraft/world/entity/LivingEntity;)Z from net/minecraft/world/item/Item/hurtEnemy(Lnet/minecraft/world/item/ItemStack;Lnet/minecraft/world/entity/LivingEntity;Lnet/minecraft/world/entity/LivingEntity;)Z: hurtEnemy -> m_7579_
Conflicting propagated mapping for tax/taknax/tax_future_citizen/item/LightsaberGrayLightItem/isCorrectToolForDrops(Lnet/minecraft/world/level/block/state/BlockState;)Z from net/minecraft/world/item/Item/isCorrectToolForDrops(Lnet/minecraft/world/level/block/state/BlockState;)Z: isCorrectToolForDrops -> m_8096_
Conflicting propagated mapping for tax/taknax/tax_future_citizen/item/LightsaberGrayLightItem/onCraftedBy(Lnet/minecraft/world/item/ItemStack;Lnet/minecraft/world/level/Level;Lnet/minecraft/world/entity/player/Player;)V from net/minecraft/world/item/Item/onCraftedBy(Lnet/minecraft/world/item/ItemStack;Lnet/minecraft/world/level/Level;Lnet/minecraft/world/entity/player/Player;)V: onCraftedBy -> m_7836_
Conflicting propagated mapping for tax/taknax/tax_future_citizen/item/LightsaberGrayItem/getDestroySpeed(Lnet/minecraft/world/item/ItemStack;Lnet/minecraft/world/level/block/state/BlockState;)F from net/minecraft/world/item/Item/getDestroySpeed(Lnet/minecraft/world/item/ItemStack;Lnet/minecraft/world/level/block/state/BlockState;)F: getDestroySpeed -> m_8102_
Conflicting propagated mapping for tax/taknax/tax_future_citizen/item/LightsaberGrayItem/mineBlock(Lnet/minecraft/world/item/ItemStack;Lnet/minecraft/world/level/Level;Lnet/minecraft/world/level/block/state/BlockState;Lnet/minecraft/core/BlockPos;Lnet/minecraft/world/entity/LivingEntity;)Z from net/minecraft/world/item/Item/mineBlock(Lnet/minecraft/world/item/ItemStack;Lnet/minecraft/world/level/Level;Lnet/minecraft/world/level/block/state/BlockState;Lnet/minecraft/core/BlockPos;Lnet/minecraft/world/entity/LivingEntity;)Z: mineBlock -> m_6813_
Conflicting propagated mapping for tax/taknax/tax_future_citizen/item/LightsaberGrayItem/getDefaultAttributeModifiers(Lnet/minecraft/world/entity/EquipmentSlot;)Lcom/google/common/collect/Multimap; from net/minecraft/world/item/Item/getDefaultAttributeModifiers(Lnet/minecraft/world/entity/EquipmentSlot;)Lcom/google/common/collect/Multimap;: getDefaultAttributeModifiers -> m_7167_
Conflicting propagated mapping for tax/taknax/tax_future_citizen/item/LightsaberGrayItem/hurtEnemy(Lnet/minecraft/world/item/ItemStack;Lnet/minecraft/world/entity/LivingEntity;Lnet/minecraft/world/entity/LivingEntity;)Z from net/minecraft/world/item/Item/hurtEnemy(Lnet/minecraft/world/item/ItemStack;Lnet/minecraft/world/entity/LivingEntity;Lnet/minecraft/world/entity/LivingEntity;)Z: hurtEnemy -> m_7579_
Conflicting propagated mapping for tax/taknax/tax_future_citizen/item/LightsaberGrayItem/isCorrectToolForDrops(Lnet/minecraft/world/level/block/state/BlockState;)Z from net/minecraft/world/item/Item/isCorrectToolForDrops(Lnet/minecraft/world/level/block/state/BlockState;)Z: isCorrectToolForDrops -> m_8096_
Conflicting propagated mapping for tax/taknax/tax_future_citizen/item/LightsaberGrayItem/onCraftedBy(Lnet/minecraft/world/item/ItemStack;Lnet/minecraft/world/level/Level;Lnet/minecraft/world/entity/player/Player;)V from net/minecraft/world/item/Item/onCraftedBy(Lnet/minecraft/world/item/ItemStack;Lnet/minecraft/world/level/Level;Lnet/minecraft/world/entity/player/Player;)V: onCraftedBy -> m_7836_
Conflicting propagated mapping for tax/taknax/tax_future_citizen/item/LightsaberMagentaItem/getDestroySpeed(Lnet/minecraft/world/item/ItemStack;Lnet/minecraft/world/level/block/state/BlockState;)F from net/minecraft/world/item/Item/getDestroySpeed(Lnet/minecraft/world/item/ItemStack;Lnet/minecraft/world/level/block/state/BlockState;)F: getDestroySpeed -> m_8102_
Conflicting propagated mapping for tax/taknax/tax_future_citizen/item/LightsaberMagentaItem/mineBlock(Lnet/minecraft/world/item/ItemStack;Lnet/minecraft/world/level/Level;Lnet/minecraft/world/level/block/state/BlockState;Lnet/minecraft/core/BlockPos;Lnet/minecraft/world/entity/LivingEntity;)Z from net/minecraft/world/item/Item/mineBlock(Lnet/minecraft/world/item/ItemStack;Lnet/minecraft/world/level/Level;Lnet/minecraft/world/level/block/state/BlockState;Lnet/minecraft/core/BlockPos;Lnet/minecraft/world/entity/LivingEntity;)Z: mineBlock -> m_6813_
Conflicting propagated mapping for tax/taknax/tax_future_citizen/item/LightsaberMagentaItem/getDefaultAttributeModifiers(Lnet/minecraft/world/entity/EquipmentSlot;)Lcom/google/common/collect/Multimap; from net/minecraft/world/item/Item/getDefaultAttributeModifiers(Lnet/minecraft/world/entity/EquipmentSlot;)Lcom/google/common/collect/Multimap;: getDefaultAttributeModifiers -> m_7167_
Conflicting propagated mapping for tax/taknax/tax_future_citizen/item/LightsaberMagentaItem/hurtEnemy(Lnet/minecraft/world/item/ItemStack;Lnet/minecraft/world/entity/LivingEntity;Lnet/minecraft/world/entity/LivingEntity;)Z from net/minecraft/world/item/Item/hurtEnemy(Lnet/minecraft/world/item/ItemStack;Lnet/minecraft/world/entity/LivingEntity;Lnet/minecraft/world/entity/LivingEntity;)Z: hurtEnemy -> m_7579_
Conflicting propagated mapping for tax/taknax/tax_future_citizen/item/LightsaberMagentaItem/isCorrectToolForDrops(Lnet/minecraft/world/level/block/state/BlockState;)Z from net/minecraft/world/item/Item/isCorrectToolForDrops(Lnet/minecraft/world/level/block/state/BlockState;)Z: isCorrectToolForDrops -> m_8096_
Conflicting propagated mapping for tax/taknax/tax_future_citizen/item/LightsaberMagentaItem/onCraftedBy(Lnet/minecraft/world/item/ItemStack;Lnet/minecraft/world/level/Level;Lnet/minecraft/world/entity/player/Player;)V from net/minecraft/world/item/Item/onCraftedBy(Lnet/minecraft/world/item/ItemStack;Lnet/minecraft/world/level/Level;Lnet/minecraft/world/entity/player/Player;)V: onCraftedBy -> m_7836_
Conflicting propagated mapping for tax/taknax/tax_future_citizen/item/LightsaberGreenLightItem/getDestroySpeed(Lnet/minecraft/world/item/ItemStack;Lnet/minecraft/world/level/block/state/BlockState;)F from net/minecraft/world/item/Item/getDestroySpeed(Lnet/minecraft/world/item/ItemStack;Lnet/minecraft/world/level/block/state/BlockState;)F: getDestroySpeed -> m_8102_
Conflicting propagated mapping for tax/taknax/tax_future_citizen/item/LightsaberGreenLightItem/mineBlock(Lnet/minecraft/world/item/ItemStack;Lnet/minecraft/world/level/Level;Lnet/minecraft/world/level/block/state/BlockState;Lnet/minecraft/core/BlockPos;Lnet/minecraft/world/entity/LivingEntity;)Z from net/minecraft/world/item/Item/mineBlock(Lnet/minecraft/world/item/ItemStack;Lnet/minecraft/world/level/Level;Lnet/minecraft/world/level/block/state/BlockState;Lnet/minecraft/core/BlockPos;Lnet/minecraft/world/entity/LivingEntity;)Z: mineBlock -> m_6813_
Conflicting propagated mapping for tax/taknax/tax_future_citizen/item/LightsaberGreenLightItem/getDefaultAttributeModifiers(Lnet/minecraft/world/entity/EquipmentSlot;)Lcom/google/common/collect/Multimap; from net/minecraft/world/item/Item/getDefaultAttributeModifiers(Lnet/minecraft/world/entity/EquipmentSlot;)Lcom/google/common/collect/Multimap;: getDefaultAttributeModifiers -> m_7167_
Conflicting propagated mapping for tax/taknax/tax_future_citizen/item/LightsaberGreenLightItem/hurtEnemy(Lnet/minecraft/world/item/ItemStack;Lnet/minecraft/world/entity/LivingEntity;Lnet/minecraft/world/entity/LivingEntity;)Z from net/minecraft/world/item/Item/hurtEnemy(Lnet/minecraft/world/item/ItemStack;Lnet/minecraft/world/entity/LivingEntity;Lnet/minecraft/world/entity/LivingEntity;)Z: hurtEnemy -> m_7579_
Conflicting propagated mapping for tax/taknax/tax_future_citizen/item/LightsaberGreenLightItem/isCorrectToolForDrops(Lnet/minecraft/world/level/block/state/BlockState;)Z from net/minecraft/world/item/Item/isCorrectToolForDrops(Lnet/minecraft/world/level/block/state/BlockState;)Z: isCorrectToolForDrops -> m_8096_
Conflicting propagated mapping for tax/taknax/tax_future_citizen/item/LightsaberGreenLightItem/onCraftedBy(Lnet/minecraft/world/item/ItemStack;Lnet/minecraft/world/level/Level;Lnet/minecraft/world/entity/player/Player;)V from net/minecraft/world/item/Item/onCraftedBy(Lnet/minecraft/world/item/ItemStack;Lnet/minecraft/world/level/Level;Lnet/minecraft/world/entity/player/Player;)V: onCraftedBy -> m_7836_
Conflicting propagated mapping for tax/taknax/tax_future_citizen/item/LightsaberGreenItem/getDestroySpeed(Lnet/minecraft/world/item/ItemStack;Lnet/minecraft/world/level/block/state/BlockState;)F from net/minecraft/world/item/Item/getDestroySpeed(Lnet/minecraft/world/item/ItemStack;Lnet/minecraft/world/level/block/state/BlockState;)F: getDestroySpeed -> m_8102_
Conflicting propagated mapping for tax/taknax/tax_future_citizen/item/LightsaberGreenItem/mineBlock(Lnet/minecraft/world/item/ItemStack;Lnet/minecraft/world/level/Level;Lnet/minecraft/world/level/block/state/BlockState;Lnet/minecraft/core/BlockPos;Lnet/minecraft/world/entity/LivingEntity;)Z from net/minecraft/world/item/Item/mineBlock(Lnet/minecraft/world/item/ItemStack;Lnet/minecraft/world/level/Level;Lnet/minecraft/world/level/block/state/BlockState;Lnet/minecraft/core/BlockPos;Lnet/minecraft/world/entity/LivingEntity;)Z: mineBlock -> m_6813_
Conflicting propagated mapping for tax/taknax/tax_future_citizen/item/LightsaberGreenItem/getDefaultAttributeModifiers(Lnet/minecraft/world/entity/EquipmentSlot;)Lcom/google/common/collect/Multimap; from net/minecraft/world/item/Item/getDefaultAttributeModifiers(Lnet/minecraft/world/entity/EquipmentSlot;)Lcom/google/common/collect/Multimap;: getDefaultAttributeModifiers -> m_7167_
Conflicting propagated mapping for tax/taknax/tax_future_citizen/item/LightsaberGreenItem/hurtEnemy(Lnet/minecraft/world/item/ItemStack;Lnet/minecraft/world/entity/LivingEntity;Lnet/minecraft/world/entity/LivingEntity;)Z from net/minecraft/world/item/Item/hurtEnemy(Lnet/minecraft/world/item/ItemStack;Lnet/minecraft/world/entity/LivingEntity;Lnet/minecraft/world/entity/LivingEntity;)Z: hurtEnemy -> m_7579_
Conflicting propagated mapping for tax/taknax/tax_future_citizen/item/LightsaberGreenItem/isCorrectToolForDrops(Lnet/minecraft/world/level/block/state/BlockState;)Z from net/minecraft/world/item/Item/isCorrectToolForDrops(Lnet/minecraft/world/level/block/state/BlockState;)Z: isCorrectToolForDrops -> m_8096_
Conflicting propagated mapping for tax/taknax/tax_future_citizen/item/LightsaberGreenItem/onCraftedBy(Lnet/minecraft/world/item/ItemStack;Lnet/minecraft/world/level/Level;Lnet/minecraft/world/entity/player/Player;)V from net/minecraft/world/item/Item/onCraftedBy(Lnet/minecraft/world/item/ItemStack;Lnet/minecraft/world/level/Level;Lnet/minecraft/world/entity/player/Player;)V: onCraftedBy -> m_7836_
Conflicting propagated mapping for tax/taknax/tax_future_citizen/item/LightsaberPurpleItem/getDestroySpeed(Lnet/minecraft/world/item/ItemStack;Lnet/minecraft/world/level/block/state/BlockState;)F from net/minecraft/world/item/Item/getDestroySpeed(Lnet/minecraft/world/item/ItemStack;Lnet/minecraft/world/level/block/state/BlockState;)F: getDestroySpeed -> m_8102_
Conflicting propagated mapping for tax/taknax/tax_future_citizen/item/LightsaberPurpleItem/mineBlock(Lnet/minecraft/world/item/ItemStack;Lnet/minecraft/world/level/Level;Lnet/minecraft/world/level/block/state/BlockState;Lnet/minecraft/core/BlockPos;Lnet/minecraft/world/entity/LivingEntity;)Z from net/minecraft/world/item/Item/mineBlock(Lnet/minecraft/world/item/ItemStack;Lnet/minecraft/world/level/Level;Lnet/minecraft/world/level/block/state/BlockState;Lnet/minecraft/core/BlockPos;Lnet/minecraft/world/entity/LivingEntity;)Z: mineBlock -> m_6813_
Conflicting propagated mapping for tax/taknax/tax_future_citizen/item/LightsaberPurpleItem/getDefaultAttributeModifiers(Lnet/minecraft/world/entity/EquipmentSlot;)Lcom/google/common/collect/Multimap; from net/minecraft/world/item/Item/getDefaultAttributeModifiers(Lnet/minecraft/world/entity/EquipmentSlot;)Lcom/google/common/collect/Multimap;: getDefaultAttributeModifiers -> m_7167_
Conflicting propagated mapping for tax/taknax/tax_future_citizen/item/LightsaberPurpleItem/hurtEnemy(Lnet/minecraft/world/item/ItemStack;Lnet/minecraft/world/entity/LivingEntity;Lnet/minecraft/world/entity/LivingEntity;)Z from net/minecraft/world/item/Item/hurtEnemy(Lnet/minecraft/world/item/ItemStack;Lnet/minecraft/world/entity/LivingEntity;Lnet/minecraft/world/entity/LivingEntity;)Z: hurtEnemy -> m_7579_
Conflicting propagated mapping for tax/taknax/tax_future_citizen/item/LightsaberPurpleItem/isCorrectToolForDrops(Lnet/minecraft/world/level/block/state/BlockState;)Z from net/minecraft/world/item/Item/isCorrectToolForDrops(Lnet/minecraft/world/level/block/state/BlockState;)Z: isCorrectToolForDrops -> m_8096_
Conflicting propagated mapping for tax/taknax/tax_future_citizen/item/LightsaberPurpleItem/onCraftedBy(Lnet/minecraft/world/item/ItemStack;Lnet/minecraft/world/level/Level;Lnet/minecraft/world/entity/player/Player;)V from net/minecraft/world/item/Item/onCraftedBy(Lnet/minecraft/world/item/ItemStack;Lnet/minecraft/world/level/Level;Lnet/minecraft/world/entity/player/Player;)V: onCraftedBy -> m_7836_
Conflicting propagated mapping for tax/taknax/tax_future_citizen/item/LightsaberPinkItem/getDestroySpeed(Lnet/minecraft/world/item/ItemStack;Lnet/minecraft/world/level/block/state/BlockState;)F from net/minecraft/world/item/Item/getDestroySpeed(Lnet/minecraft/world/item/ItemStack;Lnet/minecraft/world/level/block/state/BlockState;)F: getDestroySpeed -> m_8102_
Conflicting propagated mapping for tax/taknax/tax_future_citizen/item/LightsaberPinkItem/mineBlock(Lnet/minecraft/world/item/ItemStack;Lnet/minecraft/world/level/Level;Lnet/minecraft/world/level/block/state/BlockState;Lnet/minecraft/core/BlockPos;Lnet/minecraft/world/entity/LivingEntity;)Z from net/minecraft/world/item/Item/mineBlock(Lnet/minecraft/world/item/ItemStack;Lnet/minecraft/world/level/Level;Lnet/minecraft/world/level/block/state/BlockState;Lnet/minecraft/core/BlockPos;Lnet/minecraft/world/entity/LivingEntity;)Z: mineBlock -> m_6813_
Conflicting propagated mapping for tax/taknax/tax_future_citizen/item/LightsaberPinkItem/getDefaultAttributeModifiers(Lnet/minecraft/world/entity/EquipmentSlot;)Lcom/google/common/collect/Multimap; from net/minecraft/world/item/Item/getDefaultAttributeModifiers(Lnet/minecraft/world/entity/EquipmentSlot;)Lcom/google/common/collect/Multimap;: getDefaultAttributeModifiers -> m_7167_
Conflicting propagated mapping for tax/taknax/tax_future_citizen/item/LightsaberPinkItem/hurtEnemy(Lnet/minecraft/world/item/ItemStack;Lnet/minecraft/world/entity/LivingEntity;Lnet/minecraft/world/entity/LivingEntity;)Z from net/minecraft/world/item/Item/hurtEnemy(Lnet/minecraft/world/item/ItemStack;Lnet/minecraft/world/entity/LivingEntity;Lnet/minecraft/world/entity/LivingEntity;)Z: hurtEnemy -> m_7579_
Conflicting propagated mapping for tax/taknax/tax_future_citizen/item/LightsaberPinkItem/isCorrectToolForDrops(Lnet/minecraft/world/level/block/state/BlockState;)Z from net/minecraft/world/item/Item/isCorrectToolForDrops(Lnet/minecraft/world/level/block/state/BlockState;)Z: isCorrectToolForDrops -> m_8096_
Conflicting propagated mapping for tax/taknax/tax_future_citizen/item/LightsaberPinkItem/onCraftedBy(Lnet/minecraft/world/item/ItemStack;Lnet/minecraft/world/level/Level;Lnet/minecraft/world/entity/player/Player;)V from net/minecraft/world/item/Item/onCraftedBy(Lnet/minecraft/world/item/ItemStack;Lnet/minecraft/world/level/Level;Lnet/minecraft/world/entity/player/Player;)V: onCraftedBy -> m_7836_
Conflicting propagated mapping for tax/taknax/tax_future_citizen/item/LightsaberOrangeItem/getDestroySpeed(Lnet/minecraft/world/item/ItemStack;Lnet/minecraft/world/level/block/state/BlockState;)F from net/minecraft/world/item/Item/getDestroySpeed(Lnet/minecraft/world/item/ItemStack;Lnet/minecraft/world/level/block/state/BlockState;)F: getDestroySpeed -> m_8102_
Conflicting propagated mapping for tax/taknax/tax_future_citizen/item/LightsaberOrangeItem/mineBlock(Lnet/minecraft/world/item/ItemStack;Lnet/minecraft/world/level/Level;Lnet/minecraft/world/level/block/state/BlockState;Lnet/minecraft/core/BlockPos;Lnet/minecraft/world/entity/LivingEntity;)Z from net/minecraft/world/item/Item/mineBlock(Lnet/minecraft/world/item/ItemStack;Lnet/minecraft/world/level/Level;Lnet/minecraft/world/level/block/state/BlockState;Lnet/minecraft/core/BlockPos;Lnet/minecraft/world/entity/LivingEntity;)Z: mineBlock -> m_6813_
Conflicting propagated mapping for tax/taknax/tax_future_citizen/item/LightsaberOrangeItem/getDefaultAttributeModifiers(Lnet/minecraft/world/entity/EquipmentSlot;)Lcom/google/common/collect/Multimap; from net/minecraft/world/item/Item/getDefaultAttributeModifiers(Lnet/minecraft/world/entity/EquipmentSlot;)Lcom/google/common/collect/Multimap;: getDefaultAttributeModifiers -> m_7167_
Conflicting propagated mapping for tax/taknax/tax_future_citizen/item/LightsaberOrangeItem/hurtEnemy(Lnet/minecraft/world/item/ItemStack;Lnet/minecraft/world/entity/LivingEntity;Lnet/minecraft/world/entity/LivingEntity;)Z from net/minecraft/world/item/Item/hurtEnemy(Lnet/minecraft/world/item/ItemStack;Lnet/minecraft/world/entity/LivingEntity;Lnet/minecraft/world/entity/LivingEntity;)Z: hurtEnemy -> m_7579_
Conflicting propagated mapping for tax/taknax/tax_future_citizen/item/LightsaberOrangeItem/isCorrectToolForDrops(Lnet/minecraft/world/level/block/state/BlockState;)Z from net/minecraft/world/item/Item/isCorrectToolForDrops(Lnet/minecraft/world/level/block/state/BlockState;)Z: isCorrectToolForDrops -> m_8096_
Conflicting propagated mapping for tax/taknax/tax_future_citizen/item/LightsaberOrangeItem/onCraftedBy(Lnet/minecraft/world/item/ItemStack;Lnet/minecraft/world/level/Level;Lnet/minecraft/world/entity/player/Player;)V from net/minecraft/world/item/Item/onCraftedBy(Lnet/minecraft/world/item/ItemStack;Lnet/minecraft/world/level/Level;Lnet/minecraft/world/entity/player/Player;)V: onCraftedBy -> m_7836_
Conflicting propagated mapping for tax/taknax/tax_future_citizen/item/LightsaberBlueLightItem$1/getUses()I from net/minecraft/world/item/Tier/getUses()I: getUses -> m_6609_
Conflicting propagated mapping for tax/taknax/tax_future_citizen/item/LightsaberBlueLightItem$1/getSpeed()F from net/minecraft/world/item/Tier/getSpeed()F: getSpeed -> m_6624_
Conflicting propagated mapping for tax/taknax/tax_future_citizen/item/LightsaberBlueLightItem$1/getRepairIngredient()Lnet/minecraft/world/item/crafting/Ingredient; from net/minecraft/world/item/Tier/getRepairIngredient()Lnet/minecraft/world/item/crafting/Ingredient;: getRepairIngredient -> m_6282_
Conflicting propagated mapping for tax/taknax/tax_future_citizen/item/LightsaberBlueLightItem$1/getEnchantmentValue()I from net/minecraft/world/item/Tier/getEnchantmentValue()I: getEnchantmentValue -> m_6601_
Conflicting propagated mapping for tax/taknax/tax_future_citizen/item/LightsaberRedItem/getDestroySpeed(Lnet/minecraft/world/item/ItemStack;Lnet/minecraft/world/level/block/state/BlockState;)F from net/minecraft/world/item/Item/getDestroySpeed(Lnet/minecraft/world/item/ItemStack;Lnet/minecraft/world/level/block/state/BlockState;)F: getDestroySpeed -> m_8102_
Conflicting propagated mapping for tax/taknax/tax_future_citizen/item/LightsaberRedItem/mineBlock(Lnet/minecraft/world/item/ItemStack;Lnet/minecraft/world/level/Level;Lnet/minecraft/world/level/block/state/BlockState;Lnet/minecraft/core/BlockPos;Lnet/minecraft/world/entity/LivingEntity;)Z from net/minecraft/world/item/Item/mineBlock(Lnet/minecraft/world/item/ItemStack;Lnet/minecraft/world/level/Level;Lnet/minecraft/world/level/block/state/BlockState;Lnet/minecraft/core/BlockPos;Lnet/minecraft/world/entity/LivingEntity;)Z: mineBlock -> m_6813_
Conflicting propagated mapping for tax/taknax/tax_future_citizen/item/LightsaberRedItem/getDefaultAttributeModifiers(Lnet/minecraft/world/entity/EquipmentSlot;)Lcom/google/common/collect/Multimap; from net/minecraft/world/item/Item/getDefaultAttributeModifiers(Lnet/minecraft/world/entity/EquipmentSlot;)Lcom/google/common/collect/Multimap;: getDefaultAttributeModifiers -> m_7167_
Conflicting propagated mapping for tax/taknax/tax_future_citizen/item/LightsaberRedItem/hurtEnemy(Lnet/minecraft/world/item/ItemStack;Lnet/minecraft/world/entity/LivingEntity;Lnet/minecraft/world/entity/LivingEntity;)Z from net/minecraft/world/item/Item/hurtEnemy(Lnet/minecraft/world/item/ItemStack;Lnet/minecraft/world/entity/LivingEntity;Lnet/minecraft/world/entity/LivingEntity;)Z: hurtEnemy -> m_7579_
Conflicting propagated mapping for tax/taknax/tax_future_citizen/item/LightsaberBlueLightItem$1/getLevel()I from net/minecraft/world/item/Tier/getLevel()I: getLevel -> m_6604_
Conflicting propagated mapping for tax/taknax/tax_future_citizen/item/LightsaberRedItem/isCorrectToolForDrops(Lnet/minecraft/world/level/block/state/BlockState;)Z from net/minecraft/world/item/Item/isCorrectToolForDrops(Lnet/minecraft/world/level/block/state/BlockState;)Z: isCorrectToolForDrops -> m_8096_
Conflicting propagated mapping for tax/taknax/tax_future_citizen/item/LightsaberBlueLightItem$1/getAttackDamageBonus()F from net/minecraft/world/item/Tier/getAttackDamageBonus()F: getAttackDamageBonus -> m_6631_
Conflicting propagated mapping for tax/taknax/tax_future_citizen/item/LightsaberRedItem/onCraftedBy(Lnet/minecraft/world/item/ItemStack;Lnet/minecraft/world/level/Level;Lnet/minecraft/world/entity/player/Player;)V from net/minecraft/world/item/Item/onCraftedBy(Lnet/minecraft/world/item/ItemStack;Lnet/minecraft/world/level/Level;Lnet/minecraft/world/entity/player/Player;)V: onCraftedBy -> m_7836_
Conflicting propagated mapping for tax/taknax/tax_future_citizen/item/LightsaberBlueLightItem/getDestroySpeed(Lnet/minecraft/world/item/ItemStack;Lnet/minecraft/world/level/block/state/BlockState;)F from net/minecraft/world/item/Item/getDestroySpeed(Lnet/minecraft/world/item/ItemStack;Lnet/minecraft/world/level/block/state/BlockState;)F: getDestroySpeed -> m_8102_
Conflicting propagated mapping for tax/taknax/tax_future_citizen/item/LightsaberBlueLightItem/mineBlock(Lnet/minecraft/world/item/ItemStack;Lnet/minecraft/world/level/Level;Lnet/minecraft/world/level/block/state/BlockState;Lnet/minecraft/core/BlockPos;Lnet/minecraft/world/entity/LivingEntity;)Z from net/minecraft/world/item/Item/mineBlock(Lnet/minecraft/world/item/ItemStack;Lnet/minecraft/world/level/Level;Lnet/minecraft/world/level/block/state/BlockState;Lnet/minecraft/core/BlockPos;Lnet/minecraft/world/entity/LivingEntity;)Z: mineBlock -> m_6813_
Conflicting propagated mapping for tax/taknax/tax_future_citizen/item/LightsaberBlueLightItem/getDefaultAttributeModifiers(Lnet/minecraft/world/entity/EquipmentSlot;)Lcom/google/common/collect/Multimap; from net/minecraft/world/item/Item/getDefaultAttributeModifiers(Lnet/minecraft/world/entity/EquipmentSlot;)Lcom/google/common/collect/Multimap;: getDefaultAttributeModifiers -> m_7167_
Conflicting propagated mapping for tax/taknax/tax_future_citizen/item/LightsaberBlueLightItem/hurtEnemy(Lnet/minecraft/world/item/ItemStack;Lnet/minecraft/world/entity/LivingEntity;Lnet/minecraft/world/entity/LivingEntity;)Z from net/minecraft/world/item/Item/hurtEnemy(Lnet/minecraft/world/item/ItemStack;Lnet/minecraft/world/entity/LivingEntity;Lnet/minecraft/world/entity/LivingEntity;)Z: hurtEnemy -> m_7579_
Conflicting propagated mapping for tax/taknax/tax_future_citizen/item/LightsaberBlueLightItem/isCorrectToolForDrops(Lnet/minecraft/world/level/block/state/BlockState;)Z from net/minecraft/world/item/Item/isCorrectToolForDrops(Lnet/minecraft/world/level/block/state/BlockState;)Z: isCorrectToolForDrops -> m_8096_
Conflicting propagated mapping for tax/taknax/tax_future_citizen/item/LightsaberBlueLightItem/onCraftedBy(Lnet/minecraft/world/item/ItemStack;Lnet/minecraft/world/level/Level;Lnet/minecraft/world/entity/player/Player;)V from net/minecraft/world/item/Item/onCraftedBy(Lnet/minecraft/world/item/ItemStack;Lnet/minecraft/world/level/Level;Lnet/minecraft/world/entity/player/Player;)V: onCraftedBy -> m_7836_
Conflicting propagated mapping for tax/taknax/tax_future_citizen/item/LightsaberBrownItem$1/getUses()I from net/minecraft/world/item/Tier/getUses()I: getUses -> m_6609_
Conflicting propagated mapping for tax/taknax/tax_future_citizen/item/LightsaberBrownItem$1/getSpeed()F from net/minecraft/world/item/Tier/getSpeed()F: getSpeed -> m_6624_
Conflicting propagated mapping for tax/taknax/tax_future_citizen/item/LightsaberCyanItem/getDestroySpeed(Lnet/minecraft/world/item/ItemStack;Lnet/minecraft/world/level/block/state/BlockState;)F from net/minecraft/world/item/Item/getDestroySpeed(Lnet/minecraft/world/item/ItemStack;Lnet/minecraft/world/level/block/state/BlockState;)F: getDestroySpeed -> m_8102_
Conflicting propagated mapping for tax/taknax/tax_future_citizen/item/LightsaberCyanItem/mineBlock(Lnet/minecraft/world/item/ItemStack;Lnet/minecraft/world/level/Level;Lnet/minecraft/world/level/block/state/BlockState;Lnet/minecraft/core/BlockPos;Lnet/minecraft/world/entity/LivingEntity;)Z from net/minecraft/world/item/Item/mineBlock(Lnet/minecraft/world/item/ItemStack;Lnet/minecraft/world/level/Level;Lnet/minecraft/world/level/block/state/BlockState;Lnet/minecraft/core/BlockPos;Lnet/minecraft/world/entity/LivingEntity;)Z: mineBlock -> m_6813_
Conflicting propagated mapping for tax/taknax/tax_future_citizen/item/LightsaberCyanItem/getDefaultAttributeModifiers(Lnet/minecraft/world/entity/EquipmentSlot;)Lcom/google/common/collect/Multimap; from net/minecraft/world/item/Item/getDefaultAttributeModifiers(Lnet/minecraft/world/entity/EquipmentSlot;)Lcom/google/common/collect/Multimap;: getDefaultAttributeModifiers -> m_7167_
Conflicting propagated mapping for tax/taknax/tax_future_citizen/item/LightsaberCyanItem/hurtEnemy(Lnet/minecraft/world/item/ItemStack;Lnet/minecraft/world/entity/LivingEntity;Lnet/minecraft/world/entity/LivingEntity;)Z from net/minecraft/world/item/Item/hurtEnemy(Lnet/minecraft/world/item/ItemStack;Lnet/minecraft/world/entity/LivingEntity;Lnet/minecraft/world/entity/LivingEntity;)Z: hurtEnemy -> m_7579_
Conflicting propagated mapping for tax/taknax/tax_future_citizen/item/LightsaberCyanItem/isCorrectToolForDrops(Lnet/minecraft/world/level/block/state/BlockState;)Z from net/minecraft/world/item/Item/isCorrectToolForDrops(Lnet/minecraft/world/level/block/state/BlockState;)Z: isCorrectToolForDrops -> m_8096_
Conflicting propagated mapping for tax/taknax/tax_future_citizen/item/LightsaberBrownItem$1/getRepairIngredient()Lnet/minecraft/world/item/crafting/Ingredient; from net/minecraft/world/item/Tier/getRepairIngredient()Lnet/minecraft/world/item/crafting/Ingredient;: getRepairIngredient -> m_6282_
Conflicting propagated mapping for tax/taknax/tax_future_citizen/item/LightsaberBrownItem$1/getEnchantmentValue()I from net/minecraft/world/item/Tier/getEnchantmentValue()I: getEnchantmentValue -> m_6601_
Conflicting propagated mapping for tax/taknax/tax_future_citizen/item/LightsaberBrownItem$1/getLevel()I from net/minecraft/world/item/Tier/getLevel()I: getLevel -> m_6604_
Conflicting propagated mapping for tax/taknax/tax_future_citizen/item/LightsaberCyanItem/onCraftedBy(Lnet/minecraft/world/item/ItemStack;Lnet/minecraft/world/level/Level;Lnet/minecraft/world/entity/player/Player;)V from net/minecraft/world/item/Item/onCraftedBy(Lnet/minecraft/world/item/ItemStack;Lnet/minecraft/world/level/Level;Lnet/minecraft/world/entity/player/Player;)V: onCraftedBy -> m_7836_
Conflicting propagated mapping for tax/taknax/tax_future_citizen/item/LightsaberBrownItem$1/getAttackDamageBonus()F from net/minecraft/world/item/Tier/getAttackDamageBonus()F: getAttackDamageBonus -> m_6631_
Conflicting propagated mapping for tax/taknax/tax_future_citizen/item/LightsaberBrownItem/getDestroySpeed(Lnet/minecraft/world/item/ItemStack;Lnet/minecraft/world/level/block/state/BlockState;)F from net/minecraft/world/item/Item/getDestroySpeed(Lnet/minecraft/world/item/ItemStack;Lnet/minecraft/world/level/block/state/BlockState;)F: getDestroySpeed -> m_8102_
Conflicting propagated mapping for tax/taknax/tax_future_citizen/item/LightsaberBrownItem/mineBlock(Lnet/minecraft/world/item/ItemStack;Lnet/minecraft/world/level/Level;Lnet/minecraft/world/level/block/state/BlockState;Lnet/minecraft/core/BlockPos;Lnet/minecraft/world/entity/LivingEntity;)Z from net/minecraft/world/item/Item/mineBlock(Lnet/minecraft/world/item/ItemStack;Lnet/minecraft/world/level/Level;Lnet/minecraft/world/level/block/state/BlockState;Lnet/minecraft/core/BlockPos;Lnet/minecraft/world/entity/LivingEntity;)Z: mineBlock -> m_6813_
Conflicting propagated mapping for tax/taknax/tax_future_citizen/item/LightsaberBrownItem/getDefaultAttributeModifiers(Lnet/minecraft/world/entity/EquipmentSlot;)Lcom/google/common/collect/Multimap; from net/minecraft/world/item/Item/getDefaultAttributeModifiers(Lnet/minecraft/world/entity/EquipmentSlot;)Lcom/google/common/collect/Multimap;: getDefaultAttributeModifiers -> m_7167_
Conflicting propagated mapping for tax/taknax/tax_future_citizen/item/LightsaberBrownItem/hurtEnemy(Lnet/minecraft/world/item/ItemStack;Lnet/minecraft/world/entity/LivingEntity;Lnet/minecraft/world/entity/LivingEntity;)Z from net/minecraft/world/item/Item/hurtEnemy(Lnet/minecraft/world/item/ItemStack;Lnet/minecraft/world/entity/LivingEntity;Lnet/minecraft/world/entity/LivingEntity;)Z: hurtEnemy -> m_7579_
Conflicting propagated mapping for tax/taknax/tax_future_citizen/item/LightsaberBrownItem/isCorrectToolForDrops(Lnet/minecraft/world/level/block/state/BlockState;)Z from net/minecraft/world/item/Item/isCorrectToolForDrops(Lnet/minecraft/world/level/block/state/BlockState;)Z: isCorrectToolForDrops -> m_8096_
Conflicting propagated mapping for tax/taknax/tax_future_citizen/item/LightsaberBrownItem/onCraftedBy(Lnet/minecraft/world/item/ItemStack;Lnet/minecraft/world/level/Level;Lnet/minecraft/world/entity/player/Player;)V from net/minecraft/world/item/Item/onCraftedBy(Lnet/minecraft/world/item/ItemStack;Lnet/minecraft/world/level/Level;Lnet/minecraft/world/entity/player/Player;)V: onCraftedBy -> m_7836_
Conflicting propagated mapping for tax/taknax/tax_future_citizen/item/LightsaberCyanItem$1/getUses()I from net/minecraft/world/item/Tier/getUses()I: getUses -> m_6609_
Conflicting propagated mapping for tax/taknax/tax_future_citizen/item/LightsaberCyanItem$1/getSpeed()F from net/minecraft/world/item/Tier/getSpeed()F: getSpeed -> m_6624_
Conflicting propagated mapping for tax/taknax/tax_future_citizen/item/LightsaberCyanItem$1/getRepairIngredient()Lnet/minecraft/world/item/crafting/Ingredient; from net/minecraft/world/item/Tier/getRepairIngredient()Lnet/minecraft/world/item/crafting/Ingredient;: getRepairIngredient -> m_6282_
Conflicting propagated mapping for tax/taknax/tax_future_citizen/item/LightsaberCyanItem$1/getEnchantmentValue()I from net/minecraft/world/item/Tier/getEnchantmentValue()I: getEnchantmentValue -> m_6601_
Conflicting propagated mapping for tax/taknax/tax_future_citizen/item/LightsaberCyanItem$1/getLevel()I from net/minecraft/world/item/Tier/getLevel()I: getLevel -> m_6604_
Conflicting propagated mapping for tax/taknax/tax_future_citizen/item/LightsaberCyanItem$1/getAttackDamageBonus()F from net/minecraft/world/item/Tier/getAttackDamageBonus()F: getAttackDamageBonus -> m_6631_
Conflicting propagated mapping for tax/taknax/tax_future_citizen/item/LightsaberGrayItem$1/getUses()I from net/minecraft/world/item/Tier/getUses()I: getUses -> m_6609_
Conflicting propagated mapping for tax/taknax/tax_future_citizen/item/LightsaberGrayItem$1/getSpeed()F from net/minecraft/world/item/Tier/getSpeed()F: getSpeed -> m_6624_
Conflicting propagated mapping for tax/taknax/tax_future_citizen/item/LightsaberGrayItem$1/getRepairIngredient()Lnet/minecraft/world/item/crafting/Ingredient; from net/minecraft/world/item/Tier/getRepairIngredient()Lnet/minecraft/world/item/crafting/Ingredient;: getRepairIngredient -> m_6282_
Conflicting propagated mapping for tax/taknax/tax_future_citizen/item/LightsaberGrayItem$1/getEnchantmentValue()I from net/minecraft/world/item/Tier/getEnchantmentValue()I: getEnchantmentValue -> m_6601_
Conflicting propagated mapping for tax/taknax/tax_future_citizen/item/LightsaberGrayItem$1/getLevel()I from net/minecraft/world/item/Tier/getLevel()I: getLevel -> m_6604_
Conflicting propagated mapping for tax/taknax/tax_future_citizen/item/LightsaberGrayItem$1/getAttackDamageBonus()F from net/minecraft/world/item/Tier/getAttackDamageBonus()F: getAttackDamageBonus -> m_6631_
Conflicting propagated mapping for tax/taknax/tax_future_citizen/item/LightsaberGreenItem$1/getUses()I from net/minecraft/world/item/Tier/getUses()I: getUses -> m_6609_
Conflicting propagated mapping for tax/taknax/tax_future_citizen/item/LightsaberGreenLightItem$1/getUses()I from net/minecraft/world/item/Tier/getUses()I: getUses -> m_6609_
Conflicting propagated mapping for tax/taknax/tax_future_citizen/item/LightsaberGreenLightItem$1/getSpeed()F from net/minecraft/world/item/Tier/getSpeed()F: getSpeed -> m_6624_
Conflicting propagated mapping for tax/taknax/tax_future_citizen/item/LightsaberGrayLightItem$1/getUses()I from net/minecraft/world/item/Tier/getUses()I: getUses -> m_6609_
Conflicting propagated mapping for tax/taknax/tax_future_citizen/item/LightsaberGrayLightItem$1/getSpeed()F from net/minecraft/world/item/Tier/getSpeed()F: getSpeed -> m_6624_
Conflicting propagated mapping for tax/taknax/tax_future_citizen/item/LightsaberGreenItem$1/getSpeed()F from net/minecraft/world/item/Tier/getSpeed()F: getSpeed -> m_6624_
Conflicting propagated mapping for tax/taknax/tax_future_citizen/item/LightsaberGreenLightItem$1/getRepairIngredient()Lnet/minecraft/world/item/crafting/Ingredient; from net/minecraft/world/item/Tier/getRepairIngredient()Lnet/minecraft/world/item/crafting/Ingredient;: getRepairIngredient -> m_6282_
Conflicting propagated mapping for tax/taknax/tax_future_citizen/item/LightsaberMagentaItem$1/getUses()I from net/minecraft/world/item/Tier/getUses()I: getUses -> m_6609_
Conflicting propagated mapping for tax/taknax/tax_future_citizen/item/LightsaberMagentaItem$1/getSpeed()F from net/minecraft/world/item/Tier/getSpeed()F: getSpeed -> m_6624_
Conflicting propagated mapping for tax/taknax/tax_future_citizen/item/LightsaberMagentaItem$1/getRepairIngredient()Lnet/minecraft/world/item/crafting/Ingredient; from net/minecraft/world/item/Tier/getRepairIngredient()Lnet/minecraft/world/item/crafting/Ingredient;: getRepairIngredient -> m_6282_
Conflicting propagated mapping for tax/taknax/tax_future_citizen/item/LightsaberMagentaItem$1/getEnchantmentValue()I from net/minecraft/world/item/Tier/getEnchantmentValue()I: getEnchantmentValue -> m_6601_
Conflicting propagated mapping for tax/taknax/tax_future_citizen/item/LightsaberGrayLightItem$1/getRepairIngredient()Lnet/minecraft/world/item/crafting/Ingredient; from net/minecraft/world/item/Tier/getRepairIngredient()Lnet/minecraft/world/item/crafting/Ingredient;: getRepairIngredient -> m_6282_
Conflicting propagated mapping for tax/taknax/tax_future_citizen/item/LightsaberGreenItem$1/getRepairIngredient()Lnet/minecraft/world/item/crafting/Ingredient; from net/minecraft/world/item/Tier/getRepairIngredient()Lnet/minecraft/world/item/crafting/Ingredient;: getRepairIngredient -> m_6282_
Conflicting propagated mapping for tax/taknax/tax_future_citizen/item/LightsaberGreenLightItem$1/getEnchantmentValue()I from net/minecraft/world/item/Tier/getEnchantmentValue()I: getEnchantmentValue -> m_6601_
Conflicting propagated mapping for tax/taknax/tax_future_citizen/item/LightsaberMagentaItem$1/getLevel()I from net/minecraft/world/item/Tier/getLevel()I: getLevel -> m_6604_
Conflicting propagated mapping for tax/taknax/tax_future_citizen/item/LightsaberGrayLightItem$1/getEnchantmentValue()I from net/minecraft/world/item/Tier/getEnchantmentValue()I: getEnchantmentValue -> m_6601_
Conflicting propagated mapping for tax/taknax/tax_future_citizen/item/LightsaberGreenItem$1/getEnchantmentValue()I from net/minecraft/world/item/Tier/getEnchantmentValue()I: getEnchantmentValue -> m_6601_
Conflicting propagated mapping for tax/taknax/tax_future_citizen/item/LightsaberGreenLightItem$1/getLevel()I from net/minecraft/world/item/Tier/getLevel()I: getLevel -> m_6604_
Conflicting propagated mapping for tax/taknax/tax_future_citizen/item/LightsaberGreenLightItem$1/getAttackDamageBonus()F from net/minecraft/world/item/Tier/getAttackDamageBonus()F: getAttackDamageBonus -> m_6631_
Conflicting propagated mapping for tax/taknax/tax_future_citizen/item/LightsaberMagentaItem$1/getAttackDamageBonus()F from net/minecraft/world/item/Tier/getAttackDamageBonus()F: getAttackDamageBonus -> m_6631_
Conflicting propagated mapping for tax/taknax/tax_future_citizen/item/LightsaberGrayLightItem$1/getLevel()I from net/minecraft/world/item/Tier/getLevel()I: getLevel -> m_6604_
Conflicting propagated mapping for tax/taknax/tax_future_citizen/item/LightsaberGrayLightItem$1/getAttackDamageBonus()F from net/minecraft/world/item/Tier/getAttackDamageBonus()F: getAttackDamageBonus -> m_6631_
Conflicting propagated mapping for tax/taknax/tax_future_citizen/item/LightsaberGreenItem$1/getLevel()I from net/minecraft/world/item/Tier/getLevel()I: getLevel -> m_6604_
Conflicting propagated mapping for tax/taknax/tax_future_citizen/item/LightsaberGreenItem$1/getAttackDamageBonus()F from net/minecraft/world/item/Tier/getAttackDamageBonus()F: getAttackDamageBonus -> m_6631_
Conflicting propagated mapping for tax/taknax/tax_future_citizen/item/LightsaberOffItem$1/getUses()I from net/minecraft/world/item/Tier/getUses()I: getUses -> m_6609_
Conflicting propagated mapping for tax/taknax/tax_future_citizen/item/LightsaberOffItem$1/getSpeed()F from net/minecraft/world/item/Tier/getSpeed()F: getSpeed -> m_6624_
Conflicting propagated mapping for tax/taknax/tax_future_citizen/item/LightsaberOffItem$1/getRepairIngredient()Lnet/minecraft/world/item/crafting/Ingredient; from net/minecraft/world/item/Tier/getRepairIngredient()Lnet/minecraft/world/item/crafting/Ingredient;: getRepairIngredient -> m_6282_
Conflicting propagated mapping for tax/taknax/tax_future_citizen/item/LightsaberOffItem$1/getEnchantmentValue()I from net/minecraft/world/item/Tier/getEnchantmentValue()I: getEnchantmentValue -> m_6601_
Conflicting propagated mapping for tax/taknax/tax_future_citizen/item/LightsaberOffItem$1/getLevel()I from net/minecraft/world/item/Tier/getLevel()I: getLevel -> m_6604_
Conflicting propagated mapping for tax/taknax/tax_future_citizen/item/LightsaberOffItem$1/getAttackDamageBonus()F from net/minecraft/world/item/Tier/getAttackDamageBonus()F: getAttackDamageBonus -> m_6631_
Conflicting propagated mapping for tax/taknax/tax_future_citizen/item/LightsaberOrangeItem$1/getUses()I from net/minecraft/world/item/Tier/getUses()I: getUses -> m_6609_
Conflicting propagated mapping for tax/taknax/tax_future_citizen/item/LightsaberOrangeItem$1/getSpeed()F from net/minecraft/world/item/Tier/getSpeed()F: getSpeed -> m_6624_
Conflicting propagated mapping for tax/taknax/tax_future_citizen/item/LightsaberOrangeItem$1/getRepairIngredient()Lnet/minecraft/world/item/crafting/Ingredient; from net/minecraft/world/item/Tier/getRepairIngredient()Lnet/minecraft/world/item/crafting/Ingredient;: getRepairIngredient -> m_6282_
Conflicting propagated mapping for tax/taknax/tax_future_citizen/item/LightsaberOrangeItem$1/getEnchantmentValue()I from net/minecraft/world/item/Tier/getEnchantmentValue()I: getEnchantmentValue -> m_6601_
Conflicting propagated mapping for tax/taknax/tax_future_citizen/item/LightsaberOrangeItem$1/getLevel()I from net/minecraft/world/item/Tier/getLevel()I: getLevel -> m_6604_
Conflicting propagated mapping for tax/taknax/tax_future_citizen/item/LightsaberOrangeItem$1/getAttackDamageBonus()F from net/minecraft/world/item/Tier/getAttackDamageBonus()F: getAttackDamageBonus -> m_6631_
Conflicting propagated mapping for tax/taknax/tax_future_citizen/item/LightsaberPinkItem$1/getUses()I from net/minecraft/world/item/Tier/getUses()I: getUses -> m_6609_
Conflicting propagated mapping for tax/taknax/tax_future_citizen/item/LightsaberPinkItem$1/getSpeed()F from net/minecraft/world/item/Tier/getSpeed()F: getSpeed -> m_6624_
Conflicting propagated mapping for tax/taknax/tax_future_citizen/item/LightsaberPinkItem$1/getRepairIngredient()Lnet/minecraft/world/item/crafting/Ingredient; from net/minecraft/world/item/Tier/getRepairIngredient()Lnet/minecraft/world/item/crafting/Ingredient;: getRepairIngredient -> m_6282_
Conflicting propagated mapping for tax/taknax/tax_future_citizen/item/LightsaberPinkItem$1/getEnchantmentValue()I from net/minecraft/world/item/Tier/getEnchantmentValue()I: getEnchantmentValue -> m_6601_
Conflicting propagated mapping for tax/taknax/tax_future_citizen/item/LightsaberPinkItem$1/getLevel()I from net/minecraft/world/item/Tier/getLevel()I: getLevel -> m_6604_
Conflicting propagated mapping for tax/taknax/tax_future_citizen/item/LightsaberPinkItem$1/getAttackDamageBonus()F from net/minecraft/world/item/Tier/getAttackDamageBonus()F: getAttackDamageBonus -> m_6631_
Conflicting propagated mapping for tax/taknax/tax_future_citizen/item/LightsaberPurpleItem$1/getUses()I from net/minecraft/world/item/Tier/getUses()I: getUses -> m_6609_
Conflicting propagated mapping for tax/taknax/tax_future_citizen/item/LightsaberPurpleItem$1/getSpeed()F from net/minecraft/world/item/Tier/getSpeed()F: getSpeed -> m_6624_
Conflicting propagated mapping for tax/taknax/tax_future_citizen/item/LightsaberPurpleItem$1/getRepairIngredient()Lnet/minecraft/world/item/crafting/Ingredient; from net/minecraft/world/item/Tier/getRepairIngredient()Lnet/minecraft/world/item/crafting/Ingredient;: getRepairIngredient -> m_6282_
Conflicting propagated mapping for tax/taknax/tax_future_citizen/item/LightsaberPurpleItem$1/getEnchantmentValue()I from net/minecraft/world/item/Tier/getEnchantmentValue()I: getEnchantmentValue -> m_6601_
Conflicting propagated mapping for tax/taknax/tax_future_citizen/item/LightsaberPurpleItem$1/getLevel()I from net/minecraft/world/item/Tier/getLevel()I: getLevel -> m_6604_
Conflicting propagated mapping for tax/taknax/tax_future_citizen/item/LightsaberPurpleItem$1/getAttackDamageBonus()F from net/minecraft/world/item/Tier/getAttackDamageBonus()F: getAttackDamageBonus -> m_6631_
Conflicting propagated mapping for net/minecraft/world/entity/LivingEntity/lambda$addAdditionalSaveData$3(Lnet/minecraft/nbt/CompoundTag;Lnet/minecraft/nbt/Tag;)V from net/minecraft/world/entity/player/Player/lambda$addAdditionalSaveData$3(Lnet/minecraft/nbt/CompoundTag;Lnet/minecraft/nbt/Tag;)V: lambda$addAdditionalSaveData$3 -> m_219754_
Conflicting propagated mapping for tax/taknax/tax_future_citizen/item/LightsaberRedItem$1/getUses()I from net/minecraft/world/item/Tier/getUses()I: getUses -> m_6609_
Conflicting propagated mapping for tax/taknax/tax_future_citizen/item/LightsaberWhiteItem$1/getUses()I from net/minecraft/world/item/Tier/getUses()I: getUses -> m_6609_
Conflicting propagated mapping for tax/taknax/tax_future_citizen/item/LightsaberWhiteItem$1/getSpeed()F from net/minecraft/world/item/Tier/getSpeed()F: getSpeed -> m_6624_
Conflicting propagated mapping for tax/taknax/tax_future_citizen/item/LightsaberWhiteItem$1/getRepairIngredient()Lnet/minecraft/world/item/crafting/Ingredient; from net/minecraft/world/item/Tier/getRepairIngredient()Lnet/minecraft/world/item/crafting/Ingredient;: getRepairIngredient -> m_6282_
Conflicting propagated mapping for tax/taknax/tax_future_citizen/item/LightsaberWhiteItem$1/getEnchantmentValue()I from net/minecraft/world/item/Tier/getEnchantmentValue()I: getEnchantmentValue -> m_6601_
Conflicting propagated mapping for tax/taknax/tax_future_citizen/item/LightsaberWhiteItem$1/getLevel()I from net/minecraft/world/item/Tier/getLevel()I: getLevel -> m_6604_
Conflicting propagated mapping for tax/taknax/tax_future_citizen/item/LightsaberWhiteItem$1/getAttackDamageBonus()F from net/minecraft/world/item/Tier/getAttackDamageBonus()F: getAttackDamageBonus -> m_6631_
Conflicting propagated mapping for tax/taknax/tax_future_citizen/item/LightsaberYellowItem$1/getUses()I from net/minecraft/world/item/Tier/getUses()I: getUses -> m_6609_
Conflicting propagated mapping for tax/taknax/tax_future_citizen/item/LightsaberYellowItem$1/getSpeed()F from net/minecraft/world/item/Tier/getSpeed()F: getSpeed -> m_6624_
Conflicting propagated mapping for tax/taknax/tax_future_citizen/item/LightsaberYellowItem$1/getRepairIngredient()Lnet/minecraft/world/item/crafting/Ingredient; from net/minecraft/world/item/Tier/getRepairIngredient()Lnet/minecraft/world/item/crafting/Ingredient;: getRepairIngredient -> m_6282_
Conflicting propagated mapping for tax/taknax/tax_future_citizen/item/LightsaberYellowItem$1/getEnchantmentValue()I from net/minecraft/world/item/Tier/getEnchantmentValue()I: getEnchantmentValue -> m_6601_
Conflicting propagated mapping for tax/taknax/tax_future_citizen/item/LightsaberYellowItem$1/getLevel()I from net/minecraft/world/item/Tier/getLevel()I: getLevel -> m_6604_
Conflicting propagated mapping for tax/taknax/tax_future_citizen/item/LightsaberYellowItem$1/getAttackDamageBonus()F from net/minecraft/world/item/Tier/getAttackDamageBonus()F: getAttackDamageBonus -> m_6631_
Conflicting propagated mapping for tax/taknax/tax_future_citizen/item/LightsaberRedItem$1/getSpeed()F from net/minecraft/world/item/Tier/getSpeed()F: getSpeed -> m_6624_
Conflicting propagated mapping for tax/taknax/tax_future_citizen/item/LightsaberRedItem$1/getRepairIngredient()Lnet/minecraft/world/item/crafting/Ingredient; from net/minecraft/world/item/Tier/getRepairIngredient()Lnet/minecraft/world/item/crafting/Ingredient;: getRepairIngredient -> m_6282_
Conflicting propagated mapping for tax/taknax/tax_future_citizen/item/LightsaberRedItem$1/getEnchantmentValue()I from net/minecraft/world/item/Tier/getEnchantmentValue()I: getEnchantmentValue -> m_6601_
Conflicting propagated mapping for tax/taknax/tax_future_citizen/item/LightsaberRedItem$1/getLevel()I from net/minecraft/world/item/Tier/getLevel()I: getLevel -> m_6604_
Conflicting propagated mapping for tax/taknax/tax_future_citizen/item/LightsaberRedItem$1/getAttackDamageBonus()F from net/minecraft/world/item/Tier/getAttackDamageBonus()F: getAttackDamageBonus -> m_6631_
Conflicting propagated mapping for tax/taknax/tax_future_citizen/item/SpaceSuitItem$1/getRepairIngredient()Lnet/minecraft/world/item/crafting/Ingredient; from net/minecraft/world/item/ArmorMaterial/getRepairIngredient()Lnet/minecraft/world/item/crafting/Ingredient;: getRepairIngredient -> m_6230_
Conflicting propagated mapping for tax/taknax/tax_future_citizen/item/SpaceSuitItem$1/getEnchantmentValue()I from net/minecraft/world/item/ArmorMaterial/getEnchantmentValue()I: getEnchantmentValue -> m_6646_
Conflicting propagated mapping for tax/taknax/tax_future_citizen/item/SpaceSuitItem$1/getKnockbackResistance()F from net/minecraft/world/item/ArmorMaterial/getKnockbackResistance()F: getKnockbackResistance -> m_6649_
Conflicting propagated mapping for tax/taknax/tax_future_citizen/item/SpaceSuitItem$1/getToughness()F from net/minecraft/world/item/ArmorMaterial/getToughness()F: getToughness -> m_6651_
Conflicting propagated mapping for tax/taknax/tax_future_citizen/item/SpaceSuitItem$1/getName()Ljava/lang/String; from net/minecraft/world/item/ArmorMaterial/getName()Ljava/lang/String;: getName -> m_6082_
Conflicting propagated mapping for tax/taknax/tax_future_citizen/item/SpaceSuitItem$1/getDefenseForType(Lnet/minecraft/world/item/ArmorItem$Type;)I from net/minecraft/world/item/ArmorMaterial/getDefenseForType(Lnet/minecraft/world/item/ArmorItem$Type;)I: getDefenseForType -> m_7366_
Conflicting propagated mapping for tax/taknax/tax_future_citizen/item/SpaceSuitItem$1/getEquipSound()Lnet/minecraft/sounds/SoundEvent; from net/minecraft/world/item/ArmorMaterial/getEquipSound()Lnet/minecraft/sounds/SoundEvent;: getEquipSound -> m_7344_
Conflicting propagated mapping for tax/taknax/tax_future_citizen/item/SpaceSuitItem$1/getDurabilityForType(Lnet/minecraft/world/item/ArmorItem$Type;)I from net/minecraft/world/item/ArmorMaterial/getDurabilityForType(Lnet/minecraft/world/item/ArmorItem$Type;)I: getDurabilityForType -> m_266425_
Adding extras
Sorting
Writing Output: C:\Users\takna\MCreatorWorkspaces\tax_future_citizen\build\libs\modid-1.0.jar
  META-INF/
  META-INF/MANIFEST.MF
  META-INF/mods.toml
  assets/
  assets/tax_future_citizen/
  assets/tax_future_citizen/lang/
  assets/tax_future_citizen/lang/en_us.json
  assets/tax_future_citizen/models/
  assets/tax_future_citizen/models/custom/
  assets/tax_future_citizen/models/custom/lightsaber_black.json
  assets/tax_future_citizen/models/custom/lightsaber_blue.json
  assets/tax_future_citizen/models/custom/lightsaber_blue_light.json
  assets/tax_future_citizen/models/custom/lightsaber_brown.json
  assets/tax_future_citizen/models/custom/lightsaber_cyan.json
  assets/tax_future_citizen/models/custom/lightsaber_gray.json
  assets/tax_future_citizen/models/custom/lightsaber_gray_light.json
  assets/tax_future_citizen/models/custom/lightsaber_green.json
  assets/tax_future_citizen/models/custom/lightsaber_green_light.json
  assets/tax_future_citizen/models/custom/lightsaber_magenta.json
  assets/tax_future_citizen/models/custom/lightsaber_off.json
  assets/tax_future_citizen/models/custom/lightsaber_orange.json
  assets/tax_future_citizen/models/custom/lightsaber_pink.json
  assets/tax_future_citizen/models/custom/lightsaber_purple.json
  assets/tax_future_citizen/models/custom/lightsaber_red.json
  assets/tax_future_citizen/models/custom/lightsaber_white.json
  assets/tax_future_citizen/models/custom/lightsaber_yellow.json
  assets/tax_future_citizen/models/item/
  assets/tax_future_citizen/models/item/flux_catalyst.json
  assets/tax_future_citizen/models/item/lightsaber_black.json
  assets/tax_future_citizen/models/item/lightsaber_blue.json
  assets/tax_future_citizen/models/item/lightsaber_blue_light.json
  assets/tax_future_citizen/models/item/lightsaber_brown.json
  assets/tax_future_citizen/models/item/lightsaber_cyan.json
  assets/tax_future_citizen/models/item/lightsaber_gray.json
  assets/tax_future_citizen/models/item/lightsaber_gray_light.json
  assets/tax_future_citizen/models/item/lightsaber_green.json
  assets/tax_future_citizen/models/item/lightsaber_green_light.json
  assets/tax_future_citizen/models/item/lightsaber_magenta.json
  assets/tax_future_citizen/models/item/lightsaber_off.json
  assets/tax_future_citizen/models/item/lightsaber_orange.json
  assets/tax_future_citizen/models/item/lightsaber_pink.json
  assets/tax_future_citizen/models/item/lightsaber_purple.json
  assets/tax_future_citizen/models/item/lightsaber_red.json
  assets/tax_future_citizen/models/item/lightsaber_white.json
  assets/tax_future_citizen/models/item/lightsaber_yellow.json
  assets/tax_future_citizen/models/item/space_suit_boots.json
  assets/tax_future_citizen/models/item/space_suit_chestplate.json
  assets/tax_future_citizen/models/item/space_suit_helmet.json
  assets/tax_future_citizen/models/item/space_suit_leggings.json
  assets/tax_future_citizen/sounds.json
  assets/tax_future_citizen/sounds/
  assets/tax_future_citizen/sounds/jet_pack_sound.ogg
  assets/tax_future_citizen/sounds/lightsaber_ignition.ogg
  assets/tax_future_citizen/sounds/lightsaber_swing.ogg
  assets/tax_future_citizen/textures/
  assets/tax_future_citizen/textures/block/
  assets/tax_future_citizen/textures/block/lightsaber_black.png
  assets/tax_future_citizen/textures/block/lightsaber_blue.png
  assets/tax_future_citizen/textures/block/lightsaber_blue_light.png
  assets/tax_future_citizen/textures/block/lightsaber_brown.png
  assets/tax_future_citizen/textures/block/lightsaber_cyan.png
  assets/tax_future_citizen/textures/block/lightsaber_gray.png
  assets/tax_future_citizen/textures/block/lightsaber_gray_light.png
  assets/tax_future_citizen/textures/block/lightsaber_green.png
  assets/tax_future_citizen/textures/block/lightsaber_green_light.png
  assets/tax_future_citizen/textures/block/lightsaber_magenta.png
  assets/tax_future_citizen/textures/block/lightsaber_off.png
  assets/tax_future_citizen/textures/block/lightsaber_orange.png
  assets/tax_future_citizen/textures/block/lightsaber_pink.png
  assets/tax_future_citizen/textures/block/lightsaber_purple.png
  assets/tax_future_citizen/textures/block/lightsaber_red.png
  assets/tax_future_citizen/textures/block/lightsaber_white.png
  assets/tax_future_citizen/textures/block/lightsaber_yellow.png
  assets/tax_future_citizen/textures/entities/
  assets/tax_future_citizen/textures/entities/jet_pack.png
  assets/tax_future_citizen/textures/entities/space_boots.png
  assets/tax_future_citizen/textures/entities/space_helmet.png
  assets/tax_future_citizen/textures/entities/space_leggings.png
  assets/tax_future_citizen/textures/item/
  assets/tax_future_citizen/textures/item/arc_catalyst.png
  assets/tax_future_citizen/textures/item/jet_pack_item.png
  assets/tax_future_citizen/textures/item/lightsaber_black_item.png
  assets/tax_future_citizen/textures/item/lightsaber_blue_item.png
  assets/tax_future_citizen/textures/item/lightsaber_blue_light_item.png
  assets/tax_future_citizen/textures/item/lightsaber_brown_item.png
  assets/tax_future_citizen/textures/item/lightsaber_cyan_item.png
  assets/tax_future_citizen/textures/item/lightsaber_gray_item.png
  assets/tax_future_citizen/textures/item/lightsaber_gray_light_item.png
  assets/tax_future_citizen/textures/item/lightsaber_green_item.png
  assets/tax_future_citizen/textures/item/lightsaber_green_light_item.png
  assets/tax_future_citizen/textures/item/lightsaber_magenta_item.png
  assets/tax_future_citizen/textures/item/lightsaber_off_item.png
  assets/tax_future_citizen/textures/item/lightsaber_orange_item.png
  assets/tax_future_citizen/textures/item/lightsaber_pink_item.png
  assets/tax_future_citizen/textures/item/lightsaber_purple_item.png
  assets/tax_future_citizen/textures/item/lightsaber_red_item.png
  assets/tax_future_citizen/textures/item/lightsaber_white_item.png
  assets/tax_future_citizen/textures/item/lightsaber_yellow_item.png
  assets/tax_future_citizen/textures/item/space_boots_item.png
  assets/tax_future_citizen/textures/item/space_helmet_item.png
  assets/tax_future_citizen/textures/item/space_leggings_item.png
  assets/tax_future_citizen/textures/models/
  assets/tax_future_citizen/textures/models/armor/
  assets/tax_future_citizen/textures/models/armor/space_suit_layer_1.png
  assets/tax_future_citizen/textures/models/armor/space_suit_layer_2.png
  assets/tax_future_citizen/textures/screens/
  assets/tax_future_citizen/textures/screens/jet_pack_item.png
  assets/tax_future_citizen/textures/screens/lightsaber_black_item.png
  assets/tax_future_citizen/textures/screens/lightsaber_blue_item.png
  assets/tax_future_citizen/textures/screens/lightsaber_blue_light_item.png
  assets/tax_future_citizen/textures/screens/lightsaber_brown_item.png
  assets/tax_future_citizen/textures/screens/lightsaber_cyan_item.png
  assets/tax_future_citizen/textures/screens/lightsaber_gray_item.png
  assets/tax_future_citizen/textures/screens/lightsaber_gray_light_item.png
  assets/tax_future_citizen/textures/screens/lightsaber_green_item.png
  assets/tax_future_citizen/textures/screens/lightsaber_green_light_item.png
  assets/tax_future_citizen/textures/screens/lightsaber_magenta_item.png
  assets/tax_future_citizen/textures/screens/lightsaber_off_item.png
  assets/tax_future_citizen/textures/screens/lightsaber_orange_item.png
  assets/tax_future_citizen/textures/screens/lightsaber_pink_item.png
  assets/tax_future_citizen/textures/screens/lightsaber_purple_item.png
  assets/tax_future_citizen/textures/screens/lightsaber_red_item.png
  assets/tax_future_citizen/textures/screens/lightsaber_white_item.png
  assets/tax_future_citizen/textures/screens/lightsaber_yellow_item.png
  assets/tax_future_citizen/textures/screens/space_boots_item.png
  assets/tax_future_citizen/textures/screens/space_helmet_item.png
  assets/tax_future_citizen/textures/screens/space_leggings_item.png
  assets/tax_future_citizen/textures/tax_future_citizen.png
  data/
  data/minecraft/
  data/minecraft/tags/
  data/minecraft/tags/items/
  data/minecraft/tags/items/axes.json
  data/minecraft/tags/items/pickaxes.json
  data/minecraft/tags/items/swords.json
  logo.png
  pack.mcmeta
  tax/
  tax/taknax/
  tax/taknax/tax_future_citizen/
  tax/taknax/tax_future_citizen/TaxFutureCitizenMod.class
  tax/taknax/tax_future_citizen/client/
  tax/taknax/tax_future_citizen/client/model/
  tax/taknax/tax_future_citizen/client/model/Modeljet_pack.class
  tax/taknax/tax_future_citizen/client/model/Modelspace_boots.class
  tax/taknax/tax_future_citizen/client/model/Modelspace_helmet.class
  tax/taknax/tax_future_citizen/client/model/Modelspace_leggings.class
  tax/taknax/tax_future_citizen/client/screens/
  tax/taknax/tax_future_citizen/client/screens/SpaceHelmetOverlayOverlay.class
  tax/taknax/tax_future_citizen/init/
  tax/taknax/tax_future_citizen/init/TaxFutureCitizenModItems.class
  tax/taknax/tax_future_citizen/init/TaxFutureCitizenModKeyMappings$1.class
  tax/taknax/tax_future_citizen/init/TaxFutureCitizenModKeyMappings$KeyEventListener.class
  tax/taknax/tax_future_citizen/init/TaxFutureCitizenModKeyMappings.class
  tax/taknax/tax_future_citizen/init/TaxFutureCitizenModModels.class
  tax/taknax/tax_future_citizen/init/TaxFutureCitizenModSounds.class
  tax/taknax/tax_future_citizen/init/TaxFutureCitizenModTabs.class
  tax/taknax/tax_future_citizen/item/
  tax/taknax/tax_future_citizen/item/FluxCatalystItem.class
  tax/taknax/tax_future_citizen/item/LightsaberBlackItem$1.class
  tax/taknax/tax_future_citizen/item/LightsaberBlackItem.class
  tax/taknax/tax_future_citizen/item/LightsaberBlueItem$1.class
  tax/taknax/tax_future_citizen/item/LightsaberBlueItem.class
  tax/taknax/tax_future_citizen/item/LightsaberBlueLightItem$1.class
  tax/taknax/tax_future_citizen/item/LightsaberBlueLightItem.class
  tax/taknax/tax_future_citizen/item/LightsaberBrownItem$1.class
  tax/taknax/tax_future_citizen/item/LightsaberBrownItem.class
  tax/taknax/tax_future_citizen/item/LightsaberCyanItem$1.class
  tax/taknax/tax_future_citizen/item/LightsaberCyanItem.class
  tax/taknax/tax_future_citizen/item/LightsaberGrayItem$1.class
  tax/taknax/tax_future_citizen/item/LightsaberGrayItem.class
  tax/taknax/tax_future_citizen/item/LightsaberGrayLightItem$1.class
  tax/taknax/tax_future_citizen/item/LightsaberGrayLightItem.class
  tax/taknax/tax_future_citizen/item/LightsaberGreenItem$1.class
  tax/taknax/tax_future_citizen/item/LightsaberGreenItem.class
  tax/taknax/tax_future_citizen/item/LightsaberGreenLightItem$1.class
  tax/taknax/tax_future_citizen/item/LightsaberGreenLightItem.class
  tax/taknax/tax_future_citizen/item/LightsaberMagentaItem$1.class
  tax/taknax/tax_future_citizen/item/LightsaberMagentaItem.class
  tax/taknax/tax_future_citizen/item/LightsaberOffItem$1.class
  tax/taknax/tax_future_citizen/item/LightsaberOffItem.class
  tax/taknax/tax_future_citizen/item/LightsaberOrangeItem$1.class
  tax/taknax/tax_future_citizen/item/LightsaberOrangeItem.class
  tax/taknax/tax_future_citizen/item/LightsaberPinkItem$1.class
  tax/taknax/tax_future_citizen/item/LightsaberPinkItem.class
  tax/taknax/tax_future_citizen/item/LightsaberPurpleItem$1.class
  tax/taknax/tax_future_citizen/item/LightsaberPurpleItem.class
  tax/taknax/tax_future_citizen/item/LightsaberRedItem$1.class
  tax/taknax/tax_future_citizen/item/LightsaberRedItem.class
  tax/taknax/tax_future_citizen/item/LightsaberWhiteItem$1.class
  tax/taknax/tax_future_citizen/item/LightsaberWhiteItem.class
  tax/taknax/tax_future_citizen/item/LightsaberYellowItem$1.class
  tax/taknax/tax_future_citizen/item/LightsaberYellowItem.class
  tax/taknax/tax_future_citizen/item/SpaceSuitItem$1.class
  tax/taknax/tax_future_citizen/item/SpaceSuitItem$Boots$1.class
  tax/taknax/tax_future_citizen/item/SpaceSuitItem$Boots.class
  tax/taknax/tax_future_citizen/item/SpaceSuitItem$Chestplate$1.class
  tax/taknax/tax_future_citizen/item/SpaceSuitItem$Chestplate.class
  tax/taknax/tax_future_citizen/item/SpaceSuitItem$Helmet$1.class
  tax/taknax/tax_future_citizen/item/SpaceSuitItem$Helmet.class
  tax/taknax/tax_future_citizen/item/SpaceSuitItem$Leggings$1.class
  tax/taknax/tax_future_citizen/item/SpaceSuitItem$Leggings.class
  tax/taknax/tax_future_citizen/item/SpaceSuitItem.class
  tax/taknax/tax_future_citizen/network/
  tax/taknax/tax_future_citizen/network/JetPackKeyMessage.class
  tax/taknax/tax_future_citizen/procedures/
  tax/taknax/tax_future_citizen/procedures/BootsTimerProcedure.class
  tax/taknax/tax_future_citizen/procedures/FluxEnergyConumeProcedure.class
  tax/taknax/tax_future_citizen/procedures/HelmetTimerProcedure.class
  tax/taknax/tax_future_citizen/procedures/JetPackHotkeyPressedProcedure.class
  tax/taknax/tax_future_citizen/procedures/JetPackHotkeyReleasedProcedure.class
  tax/taknax/tax_future_citizen/procedures/JetPackTickProcedure.class
  tax/taknax/tax_future_citizen/procedures/JetPackTimerProcedure.class
  tax/taknax/tax_future_citizen/procedures/LeggingsTimerProcedure.class
  tax/taknax/tax_future_citizen/procedures/LightsaberIgnitionSoundProcedure.class
  tax/taknax/tax_future_citizen/procedures/LightsaberSwingSoundProcedure.class
  tax/taknax/tax_future_citizen/procedures/MechanicSpaceBootsProcedure.class
  tax/taknax/tax_future_citizen/procedures/MechanicSpaceHelmetProcedure.class
  tax/taknax/tax_future_citizen/procedures/MechanicSpaceLeggingsProcedure.class
  tax/taknax/tax_future_citizen/procedures/MechanicSpaceSuitProcedure.class
  tax/taknax/tax_future_citizen/procedures/SpaceHelmetOverlayBlackSaberProcedure.class
  tax/taknax/tax_future_citizen/procedures/SpaceHelmetOverlayBlueSaberProcedure.class
  tax/taknax/tax_future_citizen/procedures/SpaceHelmetOverlayBootsLabelProcedure.class
  tax/taknax/tax_future_citizen/procedures/SpaceHelmetOverlayBrownSaberProcedure.class
  tax/taknax/tax_future_citizen/procedures/SpaceHelmetOverlayCyanSaberProcedure.class
  tax/taknax/tax_future_citizen/procedures/SpaceHelmetOverlayGraySaberProcedure.class
  tax/taknax/tax_future_citizen/procedures/SpaceHelmetOverlayGreenSaberProcedure.class
  tax/taknax/tax_future_citizen/procedures/SpaceHelmetOverlayHelmetLabelProcedure.class
  tax/taknax/tax_future_citizen/procedures/SpaceHelmetOverlayJetpackLabelProcedure.class
  tax/taknax/tax_future_citizen/procedures/SpaceHelmetOverlayLeggingsLabelProcedure.class
  tax/taknax/tax_future_citizen/procedures/SpaceHelmetOverlayLightBlueSaberProcedure.class
  tax/taknax/tax_future_citizen/procedures/SpaceHelmetOverlayLightGraySaberProcedure.class
  tax/taknax/tax_future_citizen/procedures/SpaceHelmetOverlayLightGreenSaberProcedure.class
  tax/taknax/tax_future_citizen/procedures/SpaceHelmetOverlayMagentaSaberProcedure.class
  tax/taknax/tax_future_citizen/procedures/SpaceHelmetOverlayMechanicProcedure.class
  tax/taknax/tax_future_citizen/procedures/SpaceHelmetOverlayOffSaberProcedure.class
  tax/taknax/tax_future_citizen/procedures/SpaceHelmetOverlayOrangeSaberProcedure.class
  tax/taknax/tax_future_citizen/procedures/SpaceHelmetOverlayPinkSaberProcedure.class
  tax/taknax/tax_future_citizen/procedures/SpaceHelmetOverlayPurpleSaberProcedure.class
  tax/taknax/tax_future_citizen/procedures/SpaceHelmetOverlayRedSaberProcedure.class
  tax/taknax/tax_future_citizen/procedures/SpaceHelmetOverlayWhiteSaberProcedure.class
  tax/taknax/tax_future_citizen/procedures/SpaceHelmetOverlayYelliowSaberProcedure.class
